<?xml version="1.0" encoding="utf-8"?><testsuites name="pytest tests"><testsuite name="pytest" errors="0" failures="0" skipped="0" tests="6" time="92.704" timestamp="2026-03-24T03:04:13.578021+00:00" hostname="agent-env-e7cfbf89-0d91-49b6-aee7-bd17c876da53"><testcase classname="backend.tests.test_ai_generation_fixes.TestHealthCheck" name="test_health_returns_200" time="0.326" /><testcase classname="backend.tests.test_ai_generation_fixes.TestWorkoutGenerationWithInjuries" name="test_workout_with_injuries_list" time="55.894" /><testcase classname="backend.tests.test_ai_generation_fixes.TestWorkoutGenerationWithInjuries" name="test_workout_no_injuries_field_is_none" time="33.808" /><testcase classname="backend.tests.test_ai_generation_fixes.TestVeganMealPlanProtein" name="test_vegan_protein_between_100_and_220" time="0.182" /><testcase classname="backend.tests.test_ai_generation_fixes.TestAlternateMealFoodsToAvoid" name="test_alternate_meal_no_chicken_when_banned" time="2.272" /><testcase classname="backend.tests.test_ai_generation_fixes.TestKetoMealPlanCarbs" name="test_keto_carbs_under_50g" time="0.144" /></testsuite></testsuites>