<?xml version="1.0" encoding="utf-8"?><testsuites name="pytest tests"><testsuite name="pytest" errors="0" failures="0" skipped="0" tests="7" time="83.819" timestamp="2026-03-24T03:14:43.681278+00:00" hostname="agent-env-e7cfbf89-0d91-49b6-aee7-bd17c876da53"><testcase classname="tests.test_ai_generation_fixes.TestHealthCheck" name="test_health_returns_200" time="0.140" /><testcase classname="tests.test_ai_generation_fixes.TestWorkoutGenerationWithInjuries" name="test_workout_with_injuries_list" time="52.597" /><testcase classname="tests.test_ai_generation_fixes.TestWorkoutGenerationWithInjuries" name="test_workout_no_injuries_field_is_none" time="28.301" /><testcase classname="tests.test_ai_generation_fixes.TestVeganMealPlanProtein" name="test_vegan_protein_between_100_and_220" time="0.133" /><testcase classname="tests.test_ai_generation_fixes.TestAlternateMealFoodsToAvoid" name="test_alternate_meal_no_chicken_when_banned" time="2.257" /><testcase classname="tests.test_ai_generation_fixes.TestKetoMealPlanCarbs" name="test_keto_carbs_under_50g" time="0.164" /><testcase classname="tests.test_ai_generation_fixes.TestTemplateMealNameFiltering" name="test_template_no_chicken_in_meal_names" time="0.145" /></testsuite></testsuites>