<?xml version="1.0" encoding="utf-8"?><testsuites name="pytest tests"><testsuite name="pytest" errors="0" failures="0" skipped="0" tests="8" time="39.927" timestamp="2026-07-07T23:43:48.282768+00:00" hostname="agent-env-e7cfbf89-0d91-49b6-aee7-bd17c876da53"><testcase classname="backend.tests.test_allergen_safety_hardening.TestProofB_StemMatching" name="test_expand_banned_terms_nuts_includes_almond" time="0.000" /><testcase classname="backend.tests.test_allergen_safety_hardening.TestProofB_StemMatching" name="test_ban_plural_catches_singular" time="0.000" /><testcase classname="backend.tests.test_allergen_safety_hardening.TestProofB_StemMatching" name="test_ban_singular_catches_plural" time="0.000" /><testcase classname="backend.tests.test_allergen_safety_hardening.TestProofB_StemMatching" name="test_gluten_free_does_not_trigger_gluten" time="0.000" /><testcase classname="backend.tests.test_allergen_safety_hardening.TestProofB_StemMatching" name="test_almond_milk_matches_nut_expanded_term" time="0.000" /><testcase classname="backend.tests.test_allergen_safety_hardening.TestProofC_StripAndRecompute" name="test_almonds_stripped_and_macros_recomputed" time="0.001" /><testcase classname="backend.tests.test_allergen_safety_hardening.TestProofA_SwapRegenerates" name="test_swap_regenerates_when_attempt1_has_almond_milk" time="0.008" /><testcase classname="backend.tests.test_allergen_safety_hardening.TestLiveNutAllergyGeneration" name="test_live_generate_no_nut_derivatives" time="38.078" /></testsuite></testsuites>