<?xml version="1.0" encoding="utf-8"?><testsuites name="pytest tests"><testsuite name="pytest" errors="0" failures="0" skipped="0" tests="17" time="3.585" timestamp="2026-06-03T03:44:36.441200+00:00" hostname="agent-env-e7cfbf89-0d91-49b6-aee7-bd17c876da53"><testcase classname="backend.tests.test_auth_password_features.TestProfileCreationWithPassword" name="test_create_profile_with_password_returns_200" time="0.457" /><testcase classname="backend.tests.test_auth_password_features.TestProfileCreationWithPassword" name="test_create_profile_with_password_has_password_true" time="0.000" /><testcase classname="backend.tests.test_auth_password_features.TestProfileCreationWithPassword" name="test_create_profile_duplicate_email_returns_409" time="0.051" /><testcase classname="backend.tests.test_auth_password_features.TestProfileCreationWithPassword" name="test_create_profile_without_password_has_password_false" time="0.054" /><testcase classname="backend.tests.test_auth_password_features.TestGetProfile" name="test_get_profile_has_password_true_for_password_user" time="0.046" /><testcase classname="backend.tests.test_auth_password_features.TestGetProfile" name="test_get_profile_not_found_returns_404" time="0.048" /><testcase classname="backend.tests.test_auth_password_features.TestAuthLogin" name="test_login_correct_credentials_returns_200" time="0.272" /><testcase classname="backend.tests.test_auth_password_features.TestAuthLogin" name="test_login_correct_credentials_returns_has_password_true" time="0.267" /><testcase classname="backend.tests.test_auth_password_features.TestAuthLogin" name="test_login_wrong_email_returns_401" time="0.045" /><testcase classname="backend.tests.test_auth_password_features.TestAuthLogin" name="test_login_wrong_password_returns_401" time="0.267" /><testcase classname="backend.tests.test_auth_password_features.TestAuthLogin" name="test_login_wrong_password_error_message" time="0.270" /><testcase classname="backend.tests.test_auth_password_features.TestChangePassword" name="test_change_password_correct_current_password_returns_200" time="0.491" /><testcase classname="backend.tests.test_auth_password_features.TestChangePassword" name="test_login_with_new_password_works" time="0.267" /><testcase classname="backend.tests.test_auth_password_features.TestChangePassword" name="test_login_with_old_password_fails_after_change" time="0.266" /><testcase classname="backend.tests.test_auth_password_features.TestChangePassword" name="test_change_password_wrong_current_returns_401" time="0.291" /><testcase classname="backend.tests.test_auth_password_features.TestChangePassword" name="test_change_password_too_short_returns_400" time="0.272" /><testcase classname="backend.tests.test_auth_password_features.TestChangePassword" name="test_change_password_nonexistent_user_returns_404" time="0.045" /></testsuite></testsuites>