<?xml version="1.0" encoding="utf-8"?><testsuites name="pytest tests"><testsuite name="pytest" errors="0" failures="0" skipped="0" tests="4" time="34.750" timestamp="2026-07-07T21:16:22.471329+00:00" hostname="agent-env-e7cfbf89-0d91-49b6-aee7-bd17c876da53"><testcase classname="backend.tests.test_beef_mince_preferred_foods" name="test_beef_mince_present_on_every_day" time="34.647" /><testcase classname="backend.tests.test_beef_mince_preferred_foods" name="test_beef_mince_meals_use_extra_lean_macros" time="0.000" /><testcase classname="backend.tests.test_beef_mince_preferred_foods" name="test_day_totals_match_meal_sums" time="0.000" /><testcase classname="backend.tests.test_beef_mince_preferred_foods" name="test_eggs_and_rice_appear_in_plan" time="0.000" /></testsuite></testsuites>