<?xml version="1.0" encoding="utf-8"?><testsuites name="pytest tests"><testsuite name="pytest" errors="0" failures="0" skipped="0" tests="13" time="10.930" timestamp="2026-06-11T22:44:44.774187+00:00" hostname="agent-env-e7cfbf89-0d91-49b6-aee7-bd17c876da53"><testcase classname="backend.tests.test_blank_slate_reset.TestBlankSlateReset" name="test_01_health_check" time="0.342" /><testcase classname="backend.tests.test_blank_slate_reset.TestBlankSlateReset" name="test_02_save_performance_data" time="9.505" /><testcase classname="backend.tests.test_blank_slate_reset.TestBlankSlateReset" name="test_03_verify_performance_saved" time="0.045" /><testcase classname="backend.tests.test_blank_slate_reset.TestBlankSlateReset" name="test_04_complete_session_returns_200" time="0.067" /><testcase classname="backend.tests.test_blank_slate_reset.TestBlankSlateReset" name="test_05_blank_slate_completed_false" time="0.052" /><testcase classname="backend.tests.test_blank_slate_reset.TestBlankSlateReset" name="test_06_blank_slate_weight_empty" time="0.082" /><testcase classname="backend.tests.test_blank_slate_reset.TestBlankSlateReset" name="test_07_blank_slate_reps_empty" time="0.043" /><testcase classname="backend.tests.test_blank_slate_reset.TestBlankSlateReset" name="test_08_other_days_not_cleared" time="0.142" /><testcase classname="backend.tests.test_blank_slate_reset.TestBlankSlateReset" name="test_09_blank_slate_persists_after_reload" time="0.343" /><testcase classname="backend.tests.test_blank_slate_reset.TestBlankSlateReset" name="test_10_last_session_has_historical_data" time="0.046" /><testcase classname="backend.tests.test_blank_slate_reset.TestBlankSlateReset" name="test_11_last_session_matches_completed_session" time="0.045" /><testcase classname="backend.tests.test_blank_slate_reset.TestBlankSlateReset" name="test_12_personal_records_list_returned" time="0.047" /><testcase classname="backend.tests.test_blank_slate_reset.TestBlankSlateReset" name="test_13_blank_slate_after_second_session" time="0.043" /></testsuite></testsuites>