<?xml version="1.0" encoding="utf-8"?><testsuites name="pytest tests"><testsuite name="pytest" errors="0" failures="0" skipped="0" tests="26" time="191.881" timestamp="2026-04-10T03:54:03.989402+00:00" hostname="agent-env-e7cfbf89-0d91-49b6-aee7-bd17c876da53"><testcase classname="backend.tests.test_7_critical_fixes_workout.TestFix1_PPL5Day" name="test_status_200" time="27.490" /><testcase classname="backend.tests.test_7_critical_fixes_workout.TestFix1_PPL5Day" name="test_split_is_ppl" time="27.139" /><testcase classname="backend.tests.test_7_critical_fixes_workout.TestFix1_PPL5Day" name="test_has_5_workout_days" time="0.000" /><testcase classname="backend.tests.test_7_critical_fixes_workout.TestFix1_PPL5Day" name="test_day_labels_no_repeated_push_pull" time="0.000" /><testcase classname="backend.tests.test_7_critical_fixes_workout.TestFix1_PPL5Day" name="test_day4_is_upper_body" time="0.000" /><testcase classname="backend.tests.test_7_critical_fixes_workout.TestFix1_PPL5Day" name="test_day5_is_lower_body" time="0.000" /><testcase classname="backend.tests.test_7_critical_fixes_workout.TestFix2_BroSplit3Day" name="test_status_200" time="17.047" /><testcase classname="backend.tests.test_7_critical_fixes_workout.TestFix2_BroSplit3Day" name="test_split_is_bro" time="18.990" /><testcase classname="backend.tests.test_7_critical_fixes_workout.TestFix2_BroSplit3Day" name="test_has_3_workout_days" time="0.000" /><testcase classname="backend.tests.test_7_critical_fixes_workout.TestFix2_BroSplit3Day" name="test_day1_is_chest_shoulders" time="0.000" /><testcase classname="backend.tests.test_7_critical_fixes_workout.TestFix2_BroSplit3Day" name="test_day2_is_back" time="0.000" /><testcase classname="backend.tests.test_7_critical_fixes_workout.TestFix2_BroSplit3Day" name="test_day3_is_legs" time="0.000" /><testcase classname="backend.tests.test_7_critical_fixes_workout.TestFix2_BroSplit3Day" name="test_day1_has_pressing_and_ohp" time="0.000" /><testcase classname="backend.tests.test_7_critical_fixes_workout.TestFix3_FullBody5DayUnique" name="test_status_200" time="25.704" /><testcase classname="backend.tests.test_7_critical_fixes_workout.TestFix3_FullBody5DayUnique" name="test_split_is_full_body" time="32.404" /><testcase classname="backend.tests.test_7_critical_fixes_workout.TestFix3_FullBody5DayUnique" name="test_has_5_workout_days" time="0.000" /><testcase classname="backend.tests.test_7_critical_fixes_workout.TestFix3_FullBody5DayUnique" name="test_first_exercises_are_unique" time="0.000" /><testcase classname="backend.tests.test_7_critical_fixes_workout.TestFix3_FullBody5DayUnique" name="test_day_labels_are_unique" time="0.000" /><testcase classname="backend.tests.test_7_critical_fixes_workout.TestFix4_Calisthenics4Day" name="test_status_200" time="21.194" /><testcase classname="backend.tests.test_7_critical_fixes_workout.TestFix4_Calisthenics4Day" name="test_split_is_calisthenics" time="21.821" /><testcase classname="backend.tests.test_7_critical_fixes_workout.TestFix4_Calisthenics4Day" name="test_has_4_workout_days" time="0.000" /><testcase classname="backend.tests.test_7_critical_fixes_workout.TestFix4_Calisthenics4Day" name="test_day_labels_are_calisthenics_specific" time="0.000" /><testcase classname="backend.tests.test_7_critical_fixes_workout.TestFix4_Calisthenics4Day" name="test_no_repeated_upper_lower_pattern" time="0.000" /><testcase classname="backend.tests.test_7_critical_fixes_workout.TestFix4_Calisthenics4Day" name="test_day3_is_skill" time="0.000" /><testcase classname="backend.tests.test_7_critical_fixes_workout.TestFix4_Calisthenics4Day" name="test_day4_is_conditioning" time="0.000" /><testcase classname="backend.tests.test_7_critical_fixes_workout.TestFix4_Calisthenics4Day" name="test_day3_skill_has_skill_progression_content" time="0.000" /></testsuite></testsuites>