<?xml version="1.0" encoding="utf-8"?><testsuites name="pytest tests"><testsuite name="pytest" errors="0" failures="1" skipped="0" tests="7" time="157.417" timestamp="2026-03-27T14:15:37.361181+00:00" hostname="agent-env-e7cfbf89-0d91-49b6-aee7-bd17c876da53"><testcase classname="backend.tests.test_elite_coaching_engine.TestHealthCheck" name="test_health_endpoint" time="0.145" /><testcase classname="backend.tests.test_elite_coaching_engine.TestBuildMuscleWorkout" name="test_build_muscle_4day_split_name" time="24.437" /><testcase classname="backend.tests.test_elite_coaching_engine.TestBuildMuscleWorkout" name="test_build_muscle_weekly_structure_format" time="25.755" /><testcase classname="backend.tests.test_elite_coaching_engine.TestAthleticPerformanceWorkout" name="test_athletic_performance_hybrid_4day" time="24.239" /><testcase classname="backend.tests.test_elite_coaching_engine.TestLowerBackLimitation" name="test_lower_back_limitation_exclusions" time="19.175" /><testcase classname="backend.tests.test_elite_coaching_engine.TestCalisthenicsWorkout" name="test_calisthenics_bodyweight_only" time="26.884"><failure message="AssertionError: Calisthenics workout contains barbell equipment exercises: [{'name': 'Pistol Squat (assisted)', 'equipment': 'barbell'}, {'name': 'Bulgarian Split Squat', 'equipment': 'barbell'}, {'name': 'Single-Leg Romanian Deadlift', 'equipment': 'barbell'}, {'name': 'Bench Dip', 'equipment': 'barbell'}, {'name': 'Jump Squat', 'equipment': 'barbell'}]&#10;assert 5 == 0&#10; +  where 5 = len([{'equipment': 'barbell', 'name': 'Pistol Squat (assisted)'}, {'equipment': 'barbell', 'name': 'Bulgarian Split Squat'}, {'equipment': 'barbell', 'name': 'Single-Leg Romanian Deadlift'}, {'equipment': 'barbell', 'name': 'Bench Dip'}, {'equipment': 'barbell', 'name': 'Jump Squat'}])">backend/tests/test_elite_coaching_engine.py:351: in test_calisthenics_bodyweight_only
    assert len(barbell_exercises) == 0, \
E   AssertionError: Calisthenics workout contains barbell equipment exercises: [{'name': 'Pistol Squat (assisted)', 'equipment': 'barbell'}, {'name': 'Bulgarian Split Squat', 'equipment': 'barbell'}, {'name': 'Single-Leg Romanian Deadlift', 'equipment': 'barbell'}, {'name': 'Bench Dip', 'equipment': 'barbell'}, {'name': 'Jump Squat', 'equipment': 'barbell'}]
E   assert 5 == 0
E    +  where 5 = len([{'equipment': 'barbell', 'name': 'Pistol Squat (assisted)'}, {'equipment': 'barbell', 'name': 'Bulgarian Split Squat'}, {'equipment': 'barbell', 'name': 'Single-Leg Romanian Deadlift'}, {'equipment': 'barbell', 'name': 'Bench Dip'}, {'equipment': 'barbell', 'name': 'Jump Squat'}])</failure></testcase><testcase classname="backend.tests.test_elite_coaching_engine.TestFoodsToAvoidAlternateMeal" name="test_alternate_meal_respects_foods_to_avoid" time="36.692" /></testsuite></testsuites>