<?xml version="1.0" encoding="utf-8"?><testsuites name="pytest tests"><testsuite name="pytest" errors="0" failures="0" skipped="0" tests="31" time="33.096" timestamp="2026-04-01T02:56:39.589291+00:00" hostname="agent-env-e7cfbf89-0d91-49b6-aee7-bd17c876da53"><testcase classname="backend.tests.test_elite_coaching_fixes.TestLabelContentConsistency" name="test_split_is_upper_lower" time="0.001" /><testcase classname="backend.tests.test_elite_coaching_fixes.TestLabelContentConsistency" name="test_upper_push_sessions_have_consistent_label" time="0.001" /><testcase classname="backend.tests.test_elite_coaching_fixes.TestLabelContentConsistency" name="test_upper_pull_sessions_have_consistent_label" time="0.000" /><testcase classname="backend.tests.test_elite_coaching_fixes.TestLabelContentConsistency" name="test_lower_sessions_keep_lower_label_or_relabeled_if_upper_compound_present" time="0.001" /><testcase classname="backend.tests.test_elite_coaching_fixes.TestLabelContentConsistency" name="test_no_upper_push_label_with_squat" time="0.001" /><testcase classname="backend.tests.test_elite_coaching_fixes.TestLabelContentConsistency" name="test_no_lower_quad_label_with_horizontal_push" time="0.001" /><testcase classname="backend.tests.test_elite_coaching_fixes.TestLabelContentConsistency" name="test_five_days_present" time="0.000" /><testcase classname="backend.tests.test_elite_coaching_fixes.TestArmsSecondaryVolume" name="test_weekly_tricep_push_meets_minimum" time="0.001" /><testcase classname="backend.tests.test_elite_coaching_fixes.TestArmsSecondaryVolume" name="test_weekly_bicep_curl_meets_minimum" time="0.000" /><testcase classname="backend.tests.test_elite_coaching_fixes.TestArmsSecondaryVolume" name="test_both_arm_patterns_appear_in_blueprint" time="0.001" /><testcase classname="backend.tests.test_elite_coaching_fixes.TestArmsSecondaryVolume" name="test_secondary_injection_injects_both_arm_patterns_per_session" time="0.001" /><testcase classname="backend.tests.test_elite_coaching_fixes.TestArmsPrimaryFocus" name="test_weekly_bicep_curl_meets_minimum" time="0.000" /><testcase classname="backend.tests.test_elite_coaching_fixes.TestArmsPrimaryFocus" name="test_weekly_tricep_push_meets_minimum" time="0.000" /><testcase classname="backend.tests.test_elite_coaching_fixes.TestArmsPrimaryFocus" name="test_both_patterns_in_multiple_sessions" time="0.000" /><testcase classname="backend.tests.test_elite_coaching_fixes.TestArmsPrimaryFocus" name="test_primary_injection_injects_both_missing_patterns" time="0.000" /><testcase classname="backend.tests.test_elite_coaching_fixes.TestArmsPrimaryFocus" name="test_arms_blueprint_has_4_days" time="0.000" /><testcase classname="backend.tests.test_elite_coaching_fixes.TestChestFocusNoRelabeling" name="test_no_full_body_labels" time="0.000" /><testcase classname="backend.tests.test_elite_coaching_fixes.TestChestFocusNoRelabeling" name="test_push_day_has_no_lower_compounds" time="0.000" /><testcase classname="backend.tests.test_elite_coaching_fixes.TestChestFocusNoRelabeling" name="test_pull_day_has_no_lower_compounds" time="0.000" /><testcase classname="backend.tests.test_elite_coaching_fixes.TestChestFocusNoRelabeling" name="test_all_labels_are_standard_push_pull_legs" time="0.000" /><testcase classname="backend.tests.test_elite_coaching_fixes.TestChestFocusNoRelabeling" name="test_split_is_push_pull_legs" time="0.000" /><testcase classname="backend.tests.test_elite_coaching_fixes.TestLegsFocusLowerLabels" name="test_split_is_upper_lower" time="0.000" /><testcase classname="backend.tests.test_elite_coaching_fixes.TestLegsFocusLowerLabels" name="test_lower_sessions_keep_lower_label" time="0.000" /><testcase classname="backend.tests.test_elite_coaching_fixes.TestLegsFocusLowerLabels" name="test_lower_sessions_have_no_upper_compounds_injected" time="0.000" /><testcase classname="backend.tests.test_elite_coaching_fixes.TestOptionalSlotsDeduplication" name="test_no_duplicate_patterns_within_session" time="0.000" /><testcase classname="backend.tests.test_elite_coaching_fixes.TestSmokeFullBodyArms5Day" name="test_smoke_200_ok" time="31.400" /><testcase classname="backend.tests.test_elite_coaching_fixes.TestSmokeFullBodyArms5Day" name="test_smoke_has_5_workout_days" time="0.000" /><testcase classname="backend.tests.test_elite_coaching_fixes.TestSmokeFullBodyArms5Day" name="test_smoke_exercises_have_gif_url" time="0.000" /><testcase classname="backend.tests.test_elite_coaching_fixes.TestSmokeFullBodyArms5Day" name="test_smoke_exercises_have_at_least_2_sets" time="0.000" /><testcase classname="backend.tests.test_elite_coaching_fixes.TestSmokeFullBodyArms5Day" name="test_smoke_required_exercise_fields" time="0.000" /><testcase classname="backend.tests.test_elite_coaching_fixes.TestSmokeFullBodyArms5Day" name="test_smoke_split_is_upper_lower" time="0.000" /></testsuite></testsuites>