<?xml version="1.0" encoding="utf-8"?><testsuites name="pytest tests"><testsuite name="pytest" errors="0" failures="0" skipped="0" tests="6" time="35.153" timestamp="2026-04-01T05:14:53.670760+00:00" hostname="agent-env-e7cfbf89-0d91-49b6-aee7-bd17c876da53"><testcase classname="backend.tests.test_engine_reset_v15.TestAPISmokeTest" name="test_status_200_ok" time="17.523" /><testcase classname="backend.tests.test_engine_reset_v15.TestAPISmokeTest" name="test_all_exercises_have_sets_ge_2" time="15.851" /><testcase classname="backend.tests.test_engine_reset_v15.TestAPISmokeTest" name="test_all_exercises_have_positive_rest" time="0.000" /><testcase classname="backend.tests.test_engine_reset_v15.TestAPISmokeTest" name="test_all_exercises_have_gif_url_field" time="0.000" /><testcase classname="backend.tests.test_engine_reset_v15.TestAPISmokeTest" name="test_required_program_fields" time="0.000" /><testcase classname="backend.tests.test_engine_reset_v15.TestAPISmokeTest" name="test_exercise_type_field_present" time="0.000" /></testsuite></testsuites>