<?xml version="1.0" encoding="utf-8"?><testsuites name="pytest tests"><testsuite name="pytest" errors="0" failures="0" skipped="0" tests="44" time="1.790" timestamp="2026-04-01T05:14:26.636169+00:00" hostname="agent-env-e7cfbf89-0d91-49b6-aee7-bd17c876da53"><testcase classname="backend.tests.test_engine_reset_v15.TestSessionPurityFullBodyArms5Day" name="test_full_body_patterns_are_empty" time="0.000" /><testcase classname="backend.tests.test_engine_reset_v15.TestSessionPurityFullBodyArms5Day" name="test_upper_push_sessions_have_zero_lower_compounds" time="0.001" /><testcase classname="backend.tests.test_engine_reset_v15.TestSessionPurityFullBodyArms5Day" name="test_lower_quad_sessions_have_zero_upper_pull_compounds" time="0.000" /><testcase classname="backend.tests.test_engine_reset_v15.TestSessionPurityFullBodyArms5Day" name="test_push_session_label_not_relabeled_to_full_body" time="0.000" /><testcase classname="backend.tests.test_engine_reset_v15.TestSessionPurityFullBodyArms5Day" name="test_arms_secondary_tricep_in_push_sessions" time="0.000" /><testcase classname="backend.tests.test_engine_reset_v15.TestSessionPurityFullBodyArms5Day" name="test_arms_secondary_bicep_in_pull_sessions" time="0.000" /><testcase classname="backend.tests.test_engine_reset_v15.TestSessionPurityLegsGlutes4Day" name="test_split_is_upper_lower" time="0.000" /><testcase classname="backend.tests.test_engine_reset_v15.TestSessionPurityLegsGlutes4Day" name="test_lower_sessions_stay_lower_only" time="0.000" /><testcase classname="backend.tests.test_engine_reset_v15.TestSessionPurityLegsGlutes4Day" name="test_upper_sessions_stay_upper_only" time="0.000" /><testcase classname="backend.tests.test_engine_reset_v15.TestSessionPurityLegsGlutes4Day" name="test_has_4_workout_days" time="0.000" /><testcase classname="backend.tests.test_engine_reset_v15.TestSessionPurityLegsGlutes4Day" name="test_lower_sessions_have_leg_patterns" time="0.000" /><testcase classname="backend.tests.test_engine_reset_v15.TestNoSetInflation" name="test_no_slot_exceeds_6_sets_build_muscle_advanced" time="0.000" /><testcase classname="backend.tests.test_engine_reset_v15.TestNoSetInflation" name="test_no_slot_exceeds_6_sets_strength" time="0.000" /><testcase classname="backend.tests.test_engine_reset_v15.TestNoSetInflation" name="test_no_slot_exceeds_6_sets_arms_focus" time="0.000" /><testcase classname="backend.tests.test_engine_reset_v15.TestNoSetInflation" name="test_no_slot_exceeds_6_sets_lose_fat_beginner" time="0.000" /><testcase classname="backend.tests.test_engine_reset_v15.TestNoSetInflation" name="test_primary_boost_capped_at_5_not_higher" time="0.000" /><testcase classname="backend.tests.test_engine_reset_v15.TestMinSetFloor" name="test_no_sub_2_sets_build_muscle_4day" time="0.000" /><testcase classname="backend.tests.test_engine_reset_v15.TestMinSetFloor" name="test_no_sub_2_sets_lose_fat_5day_45min" time="0.000" /><testcase classname="backend.tests.test_engine_reset_v15.TestMinSetFloor" name="test_no_sub_2_sets_strength_3day_beginner" time="0.000" /><testcase classname="backend.tests.test_engine_reset_v15.TestMinSetFloor" name="test_no_sub_2_sets_general_fitness_6day" time="0.000" /><testcase classname="backend.tests.test_engine_reset_v15.TestMinSetFloor" name="test_conditioning_finisher_allowed_1_set" time="0.000" /><testcase classname="backend.tests.test_engine_reset_v15.TestArmsFocusPrimaryRouting" name="test_arms_patterns_are_correct" time="0.000" /><testcase classname="backend.tests.test_engine_reset_v15.TestArmsFocusPrimaryRouting" name="test_push_days_have_tricep_work" time="0.000" /><testcase classname="backend.tests.test_engine_reset_v15.TestArmsFocusPrimaryRouting" name="test_pull_days_have_bicep_work" time="0.000" /><testcase classname="backend.tests.test_engine_reset_v15.TestArmsFocusPrimaryRouting" name="test_arms_not_injected_into_legs" time="0.000" /><testcase classname="backend.tests.test_engine_reset_v15.TestArmsFocusPrimaryRouting" name="test_preferred_split_is_push_pull_legs" time="0.000" /><testcase classname="backend.tests.test_engine_reset_v15.TestFullBodyFocusRationale" name="test_split_rationale_is_non_empty" time="0.000" /><testcase classname="backend.tests.test_engine_reset_v15.TestFullBodyFocusRationale" name="test_rationale_mentions_frequency_or_coverage" time="0.000" /><testcase classname="backend.tests.test_engine_reset_v15.TestFullBodyFocusRationale" name="test_full_body_focus_no_primary_injection" time="0.000" /><testcase classname="backend.tests.test_engine_reset_v15.TestTimeCaplLoseFat45Min" name="test_primary_compound_sets_le_3_or_4_after_budget" time="0.000" /><testcase classname="backend.tests.test_engine_reset_v15.TestTimeCaplLoseFat45Min" name="test_non_primary_slots_le_3_sets" time="0.000" /><testcase classname="backend.tests.test_engine_reset_v15.TestTimeCaplLoseFat45Min" name="test_total_session_sets_within_budget" time="0.000" /><testcase classname="backend.tests.test_engine_reset_v15.TestTimeCaplLoseFat45Min" name="test_rest_periods_shortened_for_45min" time="0.000" /><testcase classname="backend.tests.test_engine_reset_v15.TestStrengthGoalRestFloors" name="test_primary_compound_rest_ge_120" time="0.000" /><testcase classname="backend.tests.test_engine_reset_v15.TestStrengthGoalRestFloors" name="test_strength_rest_floor_is_150" time="0.000" /><testcase classname="backend.tests.test_engine_reset_v15.TestStrengthGoalRestFloors" name="test_secondary_compound_rest_ge_120_at_60min" time="0.000" /><testcase classname="backend.tests.test_engine_reset_v15.TestStrengthGoalRestFloors" name="test_goal_params_strength_primary_rest_is_225" time="0.000" /><testcase classname="backend.tests.test_engine_reset_v15.TestBeginnerBiasExerciseOptions" name="test_beginner_gym_ordering_applied" time="0.000" /><testcase classname="backend.tests.test_engine_reset_v15.TestBeginnerBiasExerciseOptions" name="test_barbell_not_first_for_beginner" time="0.000" /><testcase classname="backend.tests.test_engine_reset_v15.TestBeginnerBiasExerciseOptions" name="test_intermediate_gets_barbell_first" time="0.000" /><testcase classname="backend.tests.test_engine_reset_v15.TestBeginnerBiasExerciseOptions" name="test_beginner_push_options_in_blueprint" time="0.000" /><testcase classname="backend.tests.test_engine_reset_v15.TestSessionNativeGate" name="test_bicep_injection_blocked_in_legs_session" time="0.000" /><testcase classname="backend.tests.test_engine_reset_v15.TestSessionNativeGate" name="test_squat_injection_blocked_in_push_session" time="0.000" /><testcase classname="backend.tests.test_engine_reset_v15.TestSessionNativeGate" name="test_only_one_primary_boosted_per_session" time="0.000" /></testsuite></testsuites>