<?xml version="1.0" encoding="utf-8"?><testsuites name="pytest tests"><testsuite name="pytest" errors="0" failures="2" skipped="0" tests="28" time="4.872" timestamp="2026-06-17T10:59:37.150574+00:00" hostname="agent-env-e7cfbf89-0d91-49b6-aee7-bd17c876da53"><testcase classname="backend.tests.test_exercise_name_target_overrides.TestHealthCheck" name="test_health_check" time="0.163" /><testcase classname="backend.tests.test_exercise_name_target_overrides.TestExerciseNameOverrides" name="test_barbell_full_squat_renamed_to_barbell_back_squat" time="0.106" /><testcase classname="backend.tests.test_exercise_name_target_overrides.TestExerciseNameOverrides" name="test_skull_crushers_display_name" time="0.098" /><testcase classname="backend.tests.test_exercise_name_target_overrides.TestExerciseNameOverrides" name="test_deadlift_display_name" time="0.101" /><testcase classname="backend.tests.test_exercise_name_target_overrides.TestExerciseNameOverrides" name="test_leg_press_machine_display_name" time="0.101"><failure message="AssertionError: Expected 'Leg Press Machine' but got: []&#10;assert 'Leg Press Machine' in []">backend/tests/test_exercise_name_target_overrides.py:105: in test_leg_press_machine_display_name
    assert "Leg Press Machine" in names, \
E   AssertionError: Expected 'Leg Press Machine' but got: []
E   assert 'Leg Press Machine' in []</failure></testcase><testcase classname="backend.tests.test_exercise_name_target_overrides.TestExerciseNameOverrides" name="test_romanian_deadlift_display_name" time="0.114" /><testcase classname="backend.tests.test_exercise_name_target_overrides.TestExerciseTargetOverrides" name="test_barbell_back_squat_appears_under_legs" time="0.385" /><testcase classname="backend.tests.test_exercise_name_target_overrides.TestExerciseTargetOverrides" name="test_barbell_back_squat_appears_under_glutes" time="0.397" /><testcase classname="backend.tests.test_exercise_name_target_overrides.TestExerciseTargetOverrides" name="test_deadlift_appears_under_back" time="0.262" /><testcase classname="backend.tests.test_exercise_name_target_overrides.TestExerciseTargetOverrides" name="test_deadlift_also_appears_under_glutes" time="0.256" /><testcase classname="backend.tests.test_exercise_name_target_overrides.TestExerciseTargetOverrides" name="test_barbell_bench_press_appears_under_triceps" time="0.293" /><testcase classname="backend.tests.test_exercise_name_target_overrides.TestExerciseTargetOverrides" name="test_overhead_press_appears_under_triceps" time="0.327" /><testcase classname="backend.tests.test_exercise_name_target_overrides.TestExerciseTargetOverrides" name="test_squat_also_appears_under_glutes" time="0.279" /><testcase classname="backend.tests.test_exercise_name_target_overrides.TestReverseTextSearch" name="test_search_back_squat_finds_barbell_back_squat" time="0.106" /><testcase classname="backend.tests.test_exercise_name_target_overrides.TestReverseTextSearch" name="test_search_skull_crusher_finds_skull_crushers" time="0.099" /><testcase classname="backend.tests.test_exercise_name_target_overrides.TestReverseTextSearch" name="test_search_leg_press_finds_leg_press_machine" time="0.107"><failure message="AssertionError: 'Leg Press Machine' not found. Got: ['Lever Alternate Leg Press', 'Lever Horizontal One Leg Press', 'Lever Seated Squat Calf Raise On Leg Press Machine', 'Sled 45 Degrees One Leg Press', 'Sled 45° Leg Press', 'Sled 45° Leg Press (Back Pov)', 'Sled 45° Leg Press (Side Pov)', 'Sled Calf Press On Leg Press', 'Sled One Leg Calf Press On Leg Press', 'Smith Leg Press']&#10;assert 'Leg Press Machine' in ['Lever Alternate Leg Press', 'Lever Horizontal One Leg Press', 'Lever Seated Squat Calf Raise On Leg Press Machine', 'Sled 45 Degrees One Leg Press', 'Sled 45° Leg Press', 'Sled 45° Leg Press (Back Pov)', ...]">backend/tests/test_exercise_name_target_overrides.py:260: in test_search_leg_press_finds_leg_press_machine
    assert "Leg Press Machine" in names, \
E   AssertionError: 'Leg Press Machine' not found. Got: ['Lever Alternate Leg Press', 'Lever Horizontal One Leg Press', 'Lever Seated Squat Calf Raise On Leg Press Machine', 'Sled 45 Degrees One Leg Press', 'Sled 45° Leg Press', 'Sled 45° Leg Press (Back Pov)', 'Sled 45° Leg Press (Side Pov)', 'Sled Calf Press On Leg Press', 'Sled One Leg Calf Press On Leg Press', 'Smith Leg Press']
E   assert 'Leg Press Machine' in ['Lever Alternate Leg Press', 'Lever Horizontal One Leg Press', 'Lever Seated Squat Calf Raise On Leg Press Machine', 'Sled 45 Degrees One Leg Press', 'Sled 45° Leg Press', 'Sled 45° Leg Press (Back Pov)', ...]</failure></testcase><testcase classname="backend.tests.test_exercise_name_target_overrides.TestReverseTextSearch" name="test_search_deadlift_finds_deadlift" time="0.098" /><testcase classname="backend.tests.test_exercise_name_target_overrides.TestReverseTextSearch" name="test_search_romanian_finds_romanian_deadlift" time="0.105" /><testcase classname="backend.tests.test_exercise_name_target_overrides.TestTotalCountsWithOverrides" name="test_legs_total_count_greater_than_250" time="0.103" /><testcase classname="backend.tests.test_exercise_name_target_overrides.TestTotalCountsWithOverrides" name="test_glutes_total_count_greater_than_200" time="0.097" /><testcase classname="backend.tests.test_exercise_name_target_overrides.TestTotalCountsWithOverrides" name="test_triceps_total_count_includes_bench_press" time="0.105" /><testcase classname="backend.tests.test_exercise_name_target_overrides.TestTotalCountsWithOverrides" name="test_back_total_count_includes_deadlift" time="0.096" /><testcase classname="backend.tests.test_exercise_name_target_overrides.TestNoRegressions" name="test_chest_chip_returns_chest_exercises" time="0.102" /><testcase classname="backend.tests.test_exercise_name_target_overrides.TestNoRegressions" name="test_biceps_chip_returns_biceps_exercises" time="0.101" /><testcase classname="backend.tests.test_exercise_name_target_overrides.TestNoRegressions" name="test_shoulders_chip_returns_delt_exercises" time="0.102" /><testcase classname="backend.tests.test_exercise_name_target_overrides.TestNoRegressions" name="test_abs_chip_returns_abs_exercises" time="0.099" /><testcase classname="backend.tests.test_exercise_name_target_overrides.TestNoRegressions" name="test_search_returns_exercises_with_required_fields" time="0.093" /><testcase classname="backend.tests.test_exercise_name_target_overrides.TestNoRegressions" name="test_no_raw_exercise_names_in_response" time="0.465" /></testsuite></testsuites>