<?xml version="1.0" encoding="utf-8"?><testsuites name="pytest tests"><testsuite name="pytest" errors="0" failures="0" skipped="0" tests="15" time="2.231" timestamp="2026-06-16T23:58:33.236025+00:00" hostname="agent-env-e7cfbf89-0d91-49b6-aee7-bd17c876da53"><testcase classname="backend.tests.test_exercise_search_local.TestExerciseSearchLocalDB" name="test_health_check" time="0.343" /><testcase classname="backend.tests.test_exercise_search_local.TestExerciseSearchLocalDB" name="test_total_count_all_exercises" time="0.154" /><testcase classname="backend.tests.test_exercise_search_local.TestExerciseSearchLocalDB" name="test_chest_muscle_filter_count" time="0.121" /><testcase classname="backend.tests.test_exercise_search_local.TestExerciseSearchLocalDB" name="test_chest_muscle_filter_structure" time="0.106" /><testcase classname="backend.tests.test_exercise_search_local.TestExerciseSearchLocalDB" name="test_text_search_deadlift" time="0.108" /><testcase classname="backend.tests.test_exercise_search_local.TestExerciseSearchLocalDB" name="test_text_search_bench_press" time="0.112" /><testcase classname="backend.tests.test_exercise_search_local.TestExerciseSearchLocalDB" name="test_back_muscle_filter" time="0.109" /><testcase classname="backend.tests.test_exercise_search_local.TestExerciseSearchLocalDB" name="test_pagination_offset_10" time="0.222" /><testcase classname="backend.tests.test_exercise_search_local.TestExerciseSearchLocalDB" name="test_pagination_offset_field_in_response" time="0.107" /><testcase classname="backend.tests.test_exercise_search_local.TestExerciseSearchLocalDB" name="test_shoulders_muscle_filter" time="0.105" /><testcase classname="backend.tests.test_exercise_search_local.TestExerciseSearchLocalDB" name="test_legs_muscle_filter" time="0.140" /><testcase classname="backend.tests.test_exercise_search_local.TestExerciseSearchLocalDB" name="test_gif_url_format" time="0.144" /><testcase classname="backend.tests.test_exercise_search_local.TestExerciseSearchLocalDB" name="test_biceps_filter" time="0.109" /><testcase classname="backend.tests.test_exercise_search_local.TestExerciseSearchLocalDB" name="test_abs_filter" time="0.118" /><testcase classname="backend.tests.test_exercise_search_local.TestExerciseSearchLocalDB" name="test_total_count_1394_no_filters" time="0.108" /></testsuite></testsuites>