<?xml version="1.0" encoding="utf-8"?><testsuites name="pytest tests"><testsuite name="pytest" errors="0" failures="0" skipped="0" tests="14" time="52.177" timestamp="2026-06-17T11:54:59.538556+00:00" hostname="agent-env-e7cfbf89-0d91-49b6-aee7-bd17c876da53"><testcase classname="backend.tests.test_exercise_preferences.TestBlueprintStructure" name="test_blueprint_includes_exercise_preferences_when_set" time="1.809" /><testcase classname="backend.tests.test_exercise_preferences.TestBlueprintStructure" name="test_blueprint_exercise_preferences_none_when_omitted" time="0.000" /><testcase classname="backend.tests.test_exercise_preferences.TestNoExercisePreferences" name="test_status_200" time="16.626" /><testcase classname="backend.tests.test_exercise_preferences.TestNoExercisePreferences" name="test_workout_has_days" time="0.000" /><testcase classname="backend.tests.test_exercise_preferences.TestNoExercisePreferences" name="test_workout_exercises_have_required_fields" time="0.000" /><testcase classname="backend.tests.test_exercise_preferences.TestHateBurpees" name="test_status_200" time="15.494" /><testcase classname="backend.tests.test_exercise_preferences.TestHateBurpees" name="test_workout_has_days" time="0.000" /><testcase classname="backend.tests.test_exercise_preferences.TestHateBurpees" name="test_no_burpees_in_workout" time="0.000" /><testcase classname="backend.tests.test_exercise_preferences.TestHateBurpees" name="test_workout_is_complete" time="0.000" /><testcase classname="backend.tests.test_exercise_preferences.TestLoveRDLHateBurpees" name="test_status_200" time="18.188" /><testcase classname="backend.tests.test_exercise_preferences.TestLoveRDLHateBurpees" name="test_workout_has_days" time="0.000" /><testcase classname="backend.tests.test_exercise_preferences.TestLoveRDLHateBurpees" name="test_romanian_deadlift_appears" time="0.000" /><testcase classname="backend.tests.test_exercise_preferences.TestLoveRDLHateBurpees" name="test_no_burpees_in_workout" time="0.000" /><testcase classname="backend.tests.test_exercise_preferences.TestLoveRDLHateBurpees" name="test_workout_has_sufficient_exercises" time="0.001" /></testsuite></testsuites>