<?xml version="1.0" encoding="utf-8"?><testsuites name="pytest tests"><testsuite name="pytest" errors="0" failures="0" skipped="0" tests="11" time="96.101" timestamp="2026-04-02T02:34:48.328957+00:00" hostname="agent-env-e7cfbf89-0d91-49b6-aee7-bd17c876da53"><testcase classname="backend.tests.test_exercise_ordering_v16.TestSmokeWorkoutGeneration" name="test_workout_generation_200ok" time="16.905" /><testcase classname="backend.tests.test_exercise_ordering_v16.TestSmokeWorkoutGeneration" name="test_workout_generation_exercises_have_required_fields" time="18.765" /><testcase classname="backend.tests.test_exercise_ordering_v16.TestSlotPriorityOrdering" name="test_primary_compound_always_first" time="0.000" /><testcase classname="backend.tests.test_exercise_ordering_v16.TestSlotPriorityOrdering" name="test_arm_isolation_before_core" time="0.000" /><testcase classname="backend.tests.test_exercise_ordering_v16.TestSlotPriorityOrdering" name="test_core_patterns_before_conditioning" time="0.000" /><testcase classname="backend.tests.test_exercise_ordering_v16.TestSlotPriorityOrdering" name="test_conditioning_always_last" time="0.000" /><testcase classname="backend.tests.test_exercise_ordering_v16.TestSlotPriorityOrdering" name="test_arm_iso_last_among_weighted_for_core_secondary" time="0.000" /><testcase classname="backend.tests.test_exercise_ordering_v16.TestSlotPriorityOrdering" name="test_arms_secondary_bicep_tricep_last_weighted" time="0.000" /><testcase classname="backend.tests.test_exercise_ordering_v16.TestExerciseOrderingViaAPI" name="test_primary_compound_first_via_api" time="17.114" /><testcase classname="backend.tests.test_exercise_ordering_v16.TestExerciseOrderingViaAPI" name="test_full_body_3day_core_secondary_ordering" time="19.850" /><testcase classname="backend.tests.test_exercise_ordering_v16.TestExerciseOrderingViaAPI" name="test_arms_secondary_ordering_via_api" time="21.405" /></testsuite></testsuites>