<?xml version="1.0" encoding="utf-8"?><testsuites name="pytest tests"><testsuite name="pytest" errors="0" failures="0" skipped="0" tests="22" time="47.758" timestamp="2026-03-29T12:52:41.675454+00:00" hostname="agent-env-e7cfbf89-0d91-49b6-aee7-bd17c876da53"><testcase classname="backend.tests.test_final_tightening.TestSmokeWorkout" name="test_smoke_200_ok" time="18.475" /><testcase classname="backend.tests.test_final_tightening.TestSmokeWorkout" name="test_smoke_has_workout_days" time="0.000" /><testcase classname="backend.tests.test_final_tightening.TestSmokeWorkout" name="test_smoke_each_day_has_exercises" time="0.000" /><testcase classname="backend.tests.test_final_tightening.TestSmokeWorkout" name="test_smoke_exercises_have_required_fields" time="0.000" /><testcase classname="backend.tests.test_final_tightening.TestMinSetFloors" name="test_no_exercise_has_fewer_than_2_sets" time="0.000" /><testcase classname="backend.tests.test_final_tightening.TestMinSetFloors" name="test_primary_compounds_have_at_least_3_sets" time="0.000" /><testcase classname="backend.tests.test_final_tightening.TestMinSetFloors" name="test_no_exercise_has_fewer_than_2_sets_bro" time="29.173" /><testcase classname="backend.tests.test_final_tightening.TestBroSplitDayTypes" name="test_bro_split_200_ok" time="0.000" /><testcase classname="backend.tests.test_final_tightening.TestBroSplitDayTypes" name="test_bro_split_has_5_days" time="0.000" /><testcase classname="backend.tests.test_final_tightening.TestBroSplitDayTypes" name="test_bro_split_has_chest_day" time="0.000" /><testcase classname="backend.tests.test_final_tightening.TestBroSplitDayTypes" name="test_bro_split_has_back_day" time="0.000" /><testcase classname="backend.tests.test_final_tightening.TestBroSplitDayTypes" name="test_bro_split_has_shoulder_day" time="0.000" /><testcase classname="backend.tests.test_final_tightening.TestBroSplitDayTypes" name="test_bro_split_has_arms_day" time="0.000" /><testcase classname="backend.tests.test_final_tightening.TestBroSplitDayTypes" name="test_bro_split_has_legs_day" time="0.000" /><testcase classname="backend.tests.test_final_tightening.TestBroSplitDayTypes" name="test_bro_split_5_distinct_focuses" time="0.000" /><testcase classname="backend.tests.test_final_tightening.TestBroSplitDayTypes" name="test_bro_split_split_name" time="0.000" /><testcase classname="backend.tests.test_final_tightening.TestExerciseGifUrl" name="test_smoke_exercises_have_gif_url_field" time="0.000" /><testcase classname="backend.tests.test_final_tightening.TestExerciseGifUrl" name="test_smoke_majority_exercises_have_gif_url" time="0.000" /><testcase classname="backend.tests.test_final_tightening.TestExerciseGifUrl" name="test_bro_split_exercises_have_gif_url" time="0.000" /><testcase classname="backend.tests.test_final_tightening.TestExerciseGifUrl" name="test_gif_urls_are_proxy_format" time="0.000" /><testcase classname="backend.tests.test_final_tightening.TestSetDetails" name="test_print_all_exercise_sets_smoke" time="0.000" /><testcase classname="backend.tests.test_final_tightening.TestSetDetails" name="test_print_all_exercise_sets_bro" time="0.000" /></testsuite></testsuites>