<?xml version="1.0" encoding="utf-8"?><testsuites name="pytest tests"><testsuite name="pytest" errors="0" failures="0" skipped="0" tests="17" time="109.579" timestamp="2026-03-31T22:37:15.768426+00:00" hostname="agent-env-e7cfbf89-0d91-49b6-aee7-bd17c876da53"><testcase classname="backend.tests.test_focus_area_overhaul.TestChest3DaysPPLSplit" name="test_split_name_is_push_pull_legs" time="15.787" /><testcase classname="backend.tests.test_focus_area_overhaul.TestChest3DaysPPLSplit" name="test_returns_3_workout_days" time="0.000" /><testcase classname="backend.tests.test_focus_area_overhaul.TestChest3DaysPPLSplit" name="test_split_rationale_references_focus" time="0.000" /><testcase classname="backend.tests.test_focus_area_overhaul.TestLegs4DaysUpperLowerSplit" name="test_split_name_is_upper_lower" time="21.501" /><testcase classname="backend.tests.test_focus_area_overhaul.TestLegs4DaysUpperLowerSplit" name="test_returns_4_workout_days" time="0.000" /><testcase classname="backend.tests.test_focus_area_overhaul.TestLegs4DaysUpperLowerSplit" name="test_leg_exercises_present" time="0.000" /><testcase classname="backend.tests.test_focus_area_overhaul.TestPrimaryFocusChestVolumeBoost" name="test_chest_exercises_have_elevated_sets" time="22.507" /><testcase classname="backend.tests.test_focus_area_overhaul.TestPrimaryFocusChestVolumeBoost" name="test_all_exercises_have_minimum_sets" time="0.000" /><testcase classname="backend.tests.test_focus_area_overhaul.TestPrimaryFocusChestVolumeBoost" name="test_primary_compound_exercise_type_exists" time="0.000" /><testcase classname="backend.tests.test_focus_area_overhaul.TestSecondaryFocusShouldersEffect" name="test_shoulder_exercises_present_in_response" time="21.388" /><testcase classname="backend.tests.test_focus_area_overhaul.TestSecondaryFocusShouldersEffect" name="test_shoulder_accessory_exercises_have_adequate_sets" time="0.000" /><testcase classname="backend.tests.test_focus_area_overhaul.TestSecondaryFocusShouldersEffect" name="test_coaching_note_limitation_documented" time="0.000" /><testcase classname="backend.tests.test_focus_area_overhaul.TestSecondaryFocusShouldersEffect" name="test_secondary_effect_does_not_crowd_out_primary" time="0.000" /><testcase classname="backend.tests.test_focus_area_overhaul.TestGeneralSmokeTest" name="test_200_ok" time="16.138" /><testcase classname="backend.tests.test_focus_area_overhaul.TestGeneralSmokeTest" name="test_required_fields_present" time="0.000" /><testcase classname="backend.tests.test_focus_area_overhaul.TestGeneralSmokeTest" name="test_workout_days_have_valid_exercises" time="0.000" /><testcase classname="backend.tests.test_focus_area_overhaul.TestGeneralSmokeTest" name="test_no_crash_minimal_payload" time="12.138" /></testsuite></testsuites>