<?xml version="1.0" encoding="utf-8"?><testsuites name="pytest tests"><testsuite name="pytest" errors="0" failures="0" skipped="0" tests="9" time="9.604" timestamp="2026-07-06T22:21:07.008036+00:00" hostname="agent-env-e7cfbf89-0d91-49b6-aee7-bd17c876da53"><testcase classname="backend.tests.test_food_analyze_preview.TestHealthCheck" name="test_health_endpoint_returns_200" time="0.349" /><testcase classname="backend.tests.test_food_analyze_preview.TestFoodAnalyzePreviewField" name="test_analyze_with_preview_true_no_422" time="2.286" /><testcase classname="backend.tests.test_food_analyze_preview.TestFoodAnalyzePreviewField" name="test_analyze_without_preview_field_defaults_to_false" time="2.248" /><testcase classname="backend.tests.test_food_analyze_preview.TestFoodAnalyzePreviewField" name="test_analyze_with_preview_false_explicit" time="2.282" /><testcase classname="backend.tests.test_food_analyze_preview.TestFoodAnalyzePreviewField" name="test_analyze_invalid_small_image_returns_400_not_500" time="0.044" /><testcase classname="backend.tests.test_food_analyze_preview.TestPreviewSkipsDBInsert" name="test_preview_true_does_not_create_log_entry" time="2.165" /><testcase classname="backend.tests.test_food_analyze_preview.TestFoodLogEndpoint" name="test_food_log_creates_entry" time="0.042" /><testcase classname="backend.tests.test_food_analyze_preview.TestFoodLogEndpoint" name="test_food_log_entry_persisted_in_db" time="0.044" /><testcase classname="backend.tests.test_food_analyze_preview.TestFoodLogEndpoint" name="test_food_log_missing_required_field_returns_422" time="0.042" /></testsuite></testsuites>