<?xml version="1.0" encoding="utf-8"?><testsuites name="pytest tests"><testsuite name="pytest" errors="0" failures="0" skipped="1" tests="20" time="81.126" timestamp="2026-06-24T11:45:52.045301+00:00" hostname="agent-env-e7cfbf89-0d91-49b6-aee7-bd17c876da53"><testcase classname="backend.tests.test_gif_conditioning_changes.TestStaticCodeVerification" name="test_no_assault_bike_2138_in_source" time="0.003" /><testcase classname="backend.tests.test_gif_conditioning_changes.TestStaticCodeVerification" name="test_assault_bike_maps_to_2331" time="0.001" /><testcase classname="backend.tests.test_gif_conditioning_changes.TestStaticCodeVerification" name="test_skull_crusher_maps_to_0060" time="0.001" /><testcase classname="backend.tests.test_gif_conditioning_changes.TestStaticCodeVerification" name="test_side_plank_maps_to_3544" time="0.001" /><testcase classname="backend.tests.test_gif_conditioning_changes.TestStaticCodeVerification" name="test_ski_erg_added_to_cache" time="0.001" /><testcase classname="backend.tests.test_gif_conditioning_changes.TestStaticCodeVerification" name="test_horizontal_pull_bodyweight_no_inverted_row" time="0.001" /><testcase classname="backend.tests.test_gif_conditioning_changes.TestStaticCodeVerification" name="test_conditioning_has_barbells_entry" time="0.001" /><testcase classname="backend.tests.test_gif_conditioning_changes.TestStaticCodeVerification" name="test_conditioning_has_dumbbells_entry" time="0.001" /><testcase classname="backend.tests.test_gif_conditioning_changes.TestStaticCodeVerification" name="test_conditioning_priority_2_for_hybrid_functional" time="0.001" /><testcase classname="backend.tests.test_gif_conditioning_changes.TestHealthCheck" name="test_health_check" time="0.148" /><testcase classname="backend.tests.test_gif_conditioning_changes.TestGIFProxyEndpoints" name="test_gif_2331_returns_200" time="0.460" /><testcase classname="backend.tests.test_gif_conditioning_changes.TestGIFProxyEndpoints" name="test_gif_2138_exists_but_not_assault_bike" time="0.444" /><testcase classname="backend.tests.test_gif_conditioning_changes.TestGIFProxyEndpoints" name="test_gif_0060_skull_crusher" time="0.453" /><testcase classname="backend.tests.test_gif_conditioning_changes.TestGIFProxyEndpoints" name="test_gif_3544_side_plank" time="0.510" /><testcase classname="backend.tests.test_gif_conditioning_changes.TestGIFProxyEndpoints" name="test_gif_2142_ski_erg" time="0.491" /><testcase classname="backend.tests.test_gif_conditioning_changes.TestBodyweightHorizontalPull" name="test_bodyweight_workout_no_inverted_row" time="9.662" /><testcase classname="backend.tests.test_gif_conditioning_changes.TestHybridConditioningInclusion" name="test_hybrid_workout_includes_conditioning" time="17.425" /><testcase classname="backend.tests.test_gif_conditioning_changes.TestHybridConditioningInclusion" name="test_functional_workout_includes_conditioning" time="17.997" /><testcase classname="backend.tests.test_gif_conditioning_changes.TestSkullCrusherGIF" name="test_skull_crusher_gif_is_0060_in_generated_workout" time="10.214"><skipped type="pytest.skip" message="Skull crusher not generated in this workout session; static mapping confirmed">/app/backend/tests/test_gif_conditioning_changes.py:392: Skull crusher not generated in this workout session; static mapping confirmed</skipped></testcase><testcase classname="backend.tests.test_gif_conditioning_changes.TestFullGymConditioningExercises" name="test_full_gym_hybrid_includes_rowing_assault_bike_or_ski_erg" time="23.250" /></testsuite></testsuites>