<?xml version="1.0" encoding="utf-8"?><testsuites name="pytest tests"><testsuite name="pytest" errors="0" failures="0" skipped="0" tests="49" time="20.198" timestamp="2026-08-09T01:59:01.202565+00:00" hostname="agent-env-e7cfbf89-0d91-49b6-aee7-bd17c876da53"><testcase classname="backend.tests.test_nutrition_accuracy_guard.TestIngredientMacrosCorrections" name="test_extra_lean_beef_mince_171" time="0.000" /><testcase classname="backend.tests.test_nutrition_accuracy_guard.TestIngredientMacrosCorrections" name="test_lean_beef_mince_217" time="0.000" /><testcase classname="backend.tests.test_nutrition_accuracy_guard.TestIngredientMacrosCorrections" name="test_lean_ground_beef_217" time="0.000" /><testcase classname="backend.tests.test_nutrition_accuracy_guard.TestIngredientMacrosCorrections" name="test_fatty_beef_mince_272" time="0.000" /><testcase classname="backend.tests.test_nutrition_accuracy_guard.TestIngredientMacrosCorrections" name="test_regular_beef_mince_272" time="0.000" /><testcase classname="backend.tests.test_nutrition_accuracy_guard.TestIngredientMacrosCorrections" name="test_ground_beef_default_272" time="0.000" /><testcase classname="backend.tests.test_nutrition_accuracy_guard.TestIngredientMacrosCorrections" name="test_beef_mince_default_272" time="0.000" /><testcase classname="backend.tests.test_nutrition_accuracy_guard.TestIngredientMacrosCorrections" name="test_ground_beef_equals_fatty_ground_beef" time="0.000" /><testcase classname="backend.tests.test_nutrition_accuracy_guard.TestIngredientMacrosCorrections" name="test_sirloin_212" time="0.000" /><testcase classname="backend.tests.test_nutrition_accuracy_guard.TestIngredientMacrosCorrections" name="test_turkey_170" time="0.000" /><testcase classname="backend.tests.test_nutrition_accuracy_guard.TestIngredientMacrosCorrections" name="test_ground_turkey_203" time="0.000" /><testcase classname="backend.tests.test_nutrition_accuracy_guard.TestIngredientMacrosCorrections" name="test_rump_194" time="0.000" /><testcase classname="backend.tests.test_nutrition_accuracy_guard.TestIngredientMacrosCorrections" name="test_salmon_206" time="0.000" /><testcase classname="backend.tests.test_nutrition_accuracy_guard.TestIngredientMacrosCorrections" name="test_tuna_116" time="0.000" /><testcase classname="backend.tests.test_nutrition_accuracy_guard.TestIngredientMacrosCorrections" name="test_cod_105" time="0.000" /><testcase classname="backend.tests.test_nutrition_accuracy_guard.TestIngredientMacrosCorrections" name="test_ribeye_291" time="0.000" /><testcase classname="backend.tests.test_nutrition_accuracy_guard.TestIngredientMacrosCorrections" name="test_brown_rice_123" time="0.000" /><testcase classname="backend.tests.test_nutrition_accuracy_guard.TestIngredientMacrosCorrections" name="test_pasta_158" time="0.000" /><testcase classname="backend.tests.test_nutrition_accuracy_guard.TestIngredientMacrosCorrections" name="test_couscous_112" time="0.000" /><testcase classname="backend.tests.test_nutrition_accuracy_guard.TestSanitizeGuardUnit" name="test_reconcile_bad_eggs_596_to_256" time="0.001" /><testcase classname="backend.tests.test_nutrition_accuracy_guard.TestSanitizeGuardUnit" name="test_reasonable_within_tolerance_not_altered" time="0.000" /><testcase classname="backend.tests.test_nutrition_accuracy_guard.TestSanitizeGuardUnit" name="test_mass_conservation_warning" time="0.000" /><testcase classname="backend.tests.test_nutrition_accuracy_guard.TestSanitizeGuardUnit" name="test_negative_values_do_not_crash" time="0.000" /><testcase classname="backend.tests.test_nutrition_accuracy_guard.TestSanitizeGuardUnit" name="test_all_zero_no_reconcile" time="0.000" /><testcase classname="backend.tests.test_nutrition_accuracy_guard.TestSanitizeGuardUnit" name="test_single_macro_ceiling" time="0.000" /><testcase classname="backend.tests.test_nutrition_accuracy_guard.TestSanitizeGuardUnit" name="test_reference_divergence_beef" time="0.000" /><testcase classname="backend.tests.test_nutrition_accuracy_guard.TestSanitizeGuardUnit" name="test_lean_beef_mince_raw_values_not_mutated" time="0.000" /><testcase classname="backend.tests.test_nutrition_accuracy_guard.TestSanitizeGuardUnit" name="test_extra_lean_beef_mince_raw_clean" time="0.000" /><testcase classname="backend.tests.test_nutrition_accuracy_guard.TestReferenceLookup" name="test_alias_extra_lean_fuzzy_match" time="0.000" /><testcase classname="backend.tests.test_nutrition_accuracy_guard.TestReferenceLookup" name="test_alias_direct_key_hits_extra_lean" time="0.000" /><testcase classname="backend.tests.test_nutrition_accuracy_guard.TestReferenceLookup" name="test_alias_eggs" time="0.000" /><testcase classname="backend.tests.test_nutrition_accuracy_guard.TestReferenceLookup" name="test_no_match_returns_none" time="0.000" /><testcase classname="backend.tests.test_nutrition_accuracy_guard.TestSubscriptionGate" name="test_food_log_forbidden_for_free" time="0.783" /><testcase classname="backend.tests.test_nutrition_accuracy_guard.TestSubscriptionGate" name="test_food_search_forbidden_for_free" time="0.139" /><testcase classname="backend.tests.test_nutrition_accuracy_guard.TestSubscriptionGate" name="test_food_ai_search_forbidden_for_free" time="0.098" /><testcase classname="backend.tests.test_nutrition_accuracy_guard.TestSubscriptionGate" name="test_food_web_search_forbidden_for_free" time="0.144" /><testcase classname="backend.tests.test_nutrition_accuracy_guard.TestFoodLogEndpoint" name="test_bad_596_reconciled_to_256" time="2.215" /><testcase classname="backend.tests.test_nutrition_accuracy_guard.TestFoodLogEndpoint" name="test_within_10pct_untouched" time="0.097" /><testcase classname="backend.tests.test_nutrition_accuracy_guard.TestFoodLogEndpoint" name="test_impossible_plausibility_still_200" time="0.135" /><testcase classname="backend.tests.test_nutrition_accuracy_guard.TestFoodLogEndpoint" name="test_lean_beef_mince_raw_logs_ok" time="0.104" /><testcase classname="backend.tests.test_nutrition_accuracy_guard.TestFoodLogEndpoint" name="test_extra_lean_beef_mince_raw_logs_clean" time="0.096" /><testcase classname="backend.tests.test_nutrition_accuracy_guard.TestFoodSearchReconciles" name="test_search_results_reconcile" time="1.299" /><testcase classname="backend.tests.test_nutrition_accuracy_guard.TestFoodSearchReconciles" name="test_local_ground_beef_95_lean_present" time="0.822" /><testcase classname="backend.tests.test_nutrition_accuracy_guard.TestFoodSearchReconciles" name="test_local_ground_beef_90_lean_cooked_updated" time="0.781" /><testcase classname="backend.tests.test_nutrition_accuracy_guard.TestFoodSearchReconciles" name="test_local_ground_beef_80_lean_cooked" time="0.870" /><testcase classname="backend.tests.test_nutrition_accuracy_guard.TestFoodSearchReconciles" name="test_search_beef_mince_reconciles" time="1.039" /><testcase classname="backend.tests.test_nutrition_accuracy_guard.TestAISearchReconciles" name="test_ai_result_reconciles[chicken breast]" time="3.683" /><testcase classname="backend.tests.test_nutrition_accuracy_guard.TestAISearchReconciles" name="test_ai_result_reconciles[eggs]" time="2.466" /><testcase classname="backend.tests.test_nutrition_accuracy_guard.TestWebSearchSanitizes" name="test_web_search_returns_200" time="3.289" /></testsuite></testsuites>