<?xml version="1.0" encoding="utf-8"?><testsuites name="pytest tests"><testsuite name="pytest" errors="0" failures="0" skipped="0" tests="104" time="20.681" timestamp="2026-08-19T01:12:40.035331+00:00" hostname="agent-env-e7cfbf89-0d91-49b6-aee7-bd17c876da53"><testcase classname="backend.tests.test_fix7_portion_scaling.TestArchetype1Yogurt" name="test_1a_per_serving_verbatim_at_180g_corrected" time="0.001" /><testcase classname="backend.tests.test_fix7_portion_scaling.TestArchetype1Yogurt" name="test_1b_per_serving_verbatim_at_200g_corrected" time="0.000" /><testcase classname="backend.tests.test_fix7_portion_scaling.TestArchetype1Yogurt" name="test_1c_per_100g_verbatim_at_180g_corrected" time="0.000" /><testcase classname="backend.tests.test_fix7_portion_scaling.TestArchetype1Yogurt" name="test_1d_correctly_scaled_180g_unchanged" time="0.000" /><testcase classname="backend.tests.test_fix7_portion_scaling.TestArchetype2Youfoodz" name="test_2a_model_close_label_preserves" time="0.000" /><testcase classname="backend.tests.test_fix7_portion_scaling.TestArchetype2Youfoodz" name="test_2b_model_close_derived_preserves" time="0.000" /><testcase classname="backend.tests.test_fix7_portion_scaling.TestArchetype2Youfoodz" name="test_2c_drastically_wrong_corrected" time="0.000" /><testcase classname="backend.tests.test_fix7_portion_scaling.TestArchetype3Beef" name="test_3a_per_serving_verbatim_at_200g_corrected" time="0.000" /><testcase classname="backend.tests.test_fix7_portion_scaling.TestArchetype3Beef" name="test_3b_100g_scan_passes_through" time="0.000" /><testcase classname="backend.tests.test_fix7_portion_scaling.TestArchetype4Eggs" name="test_4a_per_2_eggs_verbatim_corrected" time="0.000" /><testcase classname="backend.tests.test_fix7_portion_scaling.TestArchetype5Milk" name="test_5a_per_100ml_verbatim_corrected" time="0.000" /><testcase classname="backend.tests.test_fix7_portion_scaling.TestGuardNoOps" name="test_per_100g_none_noop" time="0.000" /><testcase classname="backend.tests.test_fix7_portion_scaling.TestGuardNoOps" name="test_per_100g_all_zero_noop" time="0.000" /><testcase classname="backend.tests.test_fix7_portion_scaling.TestGuardNoOps" name="test_portion_zero_noop" time="0.000" /><testcase classname="backend.tests.test_fix7_portion_scaling.TestGuardNoOps" name="test_portion_negative_noop" time="0.000" /><testcase classname="backend.tests.test_fix7_portion_scaling.TestGuardNoOps" name="test_impossible_per_100g_rejected" time="0.000" /><testcase classname="backend.tests.test_fix7_portion_scaling.TestGuardNoOps" name="test_correction_log_shape" time="0.000" /><testcase classname="backend.tests.test_fix7_portion_scaling.TestGuardNoOps" name="test_protein_g_alias_supported" time="0.000" /><testcase classname="backend.tests.test_fix7_portion_scaling.TestFix1ToleranceBranching" name="test_label_at_11pct_gap_preserved" time="0.000" /><testcase classname="backend.tests.test_fix7_portion_scaling.TestFix1ToleranceBranching" name="test_label_at_13pct_gap_overwritten" time="0.000" /><testcase classname="backend.tests.test_fix7_portion_scaling.TestFix1ToleranceBranching" name="test_derived_at_11pct_gap_overwritten" time="0.000" /><testcase classname="backend.tests.test_fix7_portion_scaling.TestFix1ToleranceBranching" name="test_missing_energy_source_defaults_to_derived" time="0.000" /><testcase classname="backend.tests.test_fix7_portion_scaling" name="test_zzz_print_before_after_table" time="0.000" /><testcase classname="backend.tests.test_nutrition_accuracy_guard.TestIngredientMacrosCorrections" name="test_extra_lean_beef_mince_171" time="0.000" /><testcase classname="backend.tests.test_nutrition_accuracy_guard.TestIngredientMacrosCorrections" name="test_lean_beef_mince_217" time="0.000" /><testcase classname="backend.tests.test_nutrition_accuracy_guard.TestIngredientMacrosCorrections" name="test_lean_ground_beef_217" time="0.000" /><testcase classname="backend.tests.test_nutrition_accuracy_guard.TestIngredientMacrosCorrections" name="test_fatty_beef_mince_272" time="0.000" /><testcase classname="backend.tests.test_nutrition_accuracy_guard.TestIngredientMacrosCorrections" name="test_regular_beef_mince_272" time="0.000" /><testcase classname="backend.tests.test_nutrition_accuracy_guard.TestIngredientMacrosCorrections" name="test_ground_beef_default_272" time="0.000" /><testcase classname="backend.tests.test_nutrition_accuracy_guard.TestIngredientMacrosCorrections" name="test_beef_mince_default_272" time="0.000" /><testcase classname="backend.tests.test_nutrition_accuracy_guard.TestIngredientMacrosCorrections" name="test_ground_beef_equals_fatty_ground_beef" time="0.000" /><testcase classname="backend.tests.test_nutrition_accuracy_guard.TestIngredientMacrosCorrections" name="test_sirloin_212" time="0.000" /><testcase classname="backend.tests.test_nutrition_accuracy_guard.TestIngredientMacrosCorrections" name="test_turkey_170" time="0.000" /><testcase classname="backend.tests.test_nutrition_accuracy_guard.TestIngredientMacrosCorrections" name="test_ground_turkey_203" time="0.000" /><testcase classname="backend.tests.test_nutrition_accuracy_guard.TestIngredientMacrosCorrections" name="test_rump_194" time="0.000" /><testcase classname="backend.tests.test_nutrition_accuracy_guard.TestIngredientMacrosCorrections" name="test_salmon_206" time="0.000" /><testcase classname="backend.tests.test_nutrition_accuracy_guard.TestIngredientMacrosCorrections" name="test_tuna_116" time="0.000" /><testcase classname="backend.tests.test_nutrition_accuracy_guard.TestIngredientMacrosCorrections" name="test_cod_105" time="0.000" /><testcase classname="backend.tests.test_nutrition_accuracy_guard.TestIngredientMacrosCorrections" name="test_ribeye_291" time="0.000" /><testcase classname="backend.tests.test_nutrition_accuracy_guard.TestIngredientMacrosCorrections" name="test_brown_rice_123" time="0.000" /><testcase classname="backend.tests.test_nutrition_accuracy_guard.TestIngredientMacrosCorrections" name="test_pasta_158" time="0.000" /><testcase classname="backend.tests.test_nutrition_accuracy_guard.TestIngredientMacrosCorrections" name="test_couscous_112" time="0.000" /><testcase classname="backend.tests.test_nutrition_accuracy_guard.TestSanitizeGuardUnit" name="test_reconcile_bad_eggs_596_to_256" time="0.000" /><testcase classname="backend.tests.test_nutrition_accuracy_guard.TestSanitizeGuardUnit" name="test_reasonable_within_tolerance_not_altered" time="0.000" /><testcase classname="backend.tests.test_nutrition_accuracy_guard.TestSanitizeGuardUnit" name="test_mass_conservation_warning" time="0.000" /><testcase classname="backend.tests.test_nutrition_accuracy_guard.TestSanitizeGuardUnit" name="test_negative_values_do_not_crash" time="0.000" /><testcase classname="backend.tests.test_nutrition_accuracy_guard.TestSanitizeGuardUnit" name="test_all_zero_no_reconcile" time="0.000" /><testcase classname="backend.tests.test_nutrition_accuracy_guard.TestSanitizeGuardUnit" name="test_single_macro_ceiling" time="0.000" /><testcase classname="backend.tests.test_nutrition_accuracy_guard.TestSanitizeGuardUnit" name="test_reference_divergence_beef" time="0.000" /><testcase classname="backend.tests.test_nutrition_accuracy_guard.TestSanitizeGuardUnit" name="test_lean_beef_mince_raw_values_not_mutated" time="0.000" /><testcase classname="backend.tests.test_nutrition_accuracy_guard.TestSanitizeGuardUnit" name="test_extra_lean_beef_mince_raw_clean" time="0.000" /><testcase classname="backend.tests.test_nutrition_accuracy_guard.TestReferenceLookup" name="test_alias_extra_lean_fuzzy_match" time="0.000" /><testcase classname="backend.tests.test_nutrition_accuracy_guard.TestReferenceLookup" name="test_alias_direct_key_hits_extra_lean" time="0.000" /><testcase classname="backend.tests.test_nutrition_accuracy_guard.TestReferenceLookup" name="test_alias_eggs" time="0.000" /><testcase classname="backend.tests.test_nutrition_accuracy_guard.TestReferenceLookup" name="test_no_match_returns_none" time="0.000" /><testcase classname="backend.tests.test_nutrition_accuracy_guard.TestSubscriptionGate" name="test_food_log_forbidden_for_free" time="1.102" /><testcase classname="backend.tests.test_nutrition_accuracy_guard.TestSubscriptionGate" name="test_food_search_forbidden_for_free" time="0.182" /><testcase classname="backend.tests.test_nutrition_accuracy_guard.TestSubscriptionGate" name="test_food_ai_search_forbidden_for_free" time="0.177" /><testcase classname="backend.tests.test_nutrition_accuracy_guard.TestSubscriptionGate" name="test_food_web_search_forbidden_for_free" time="0.120" /><testcase classname="backend.tests.test_nutrition_accuracy_guard.TestFoodLogEndpoint" name="test_bad_596_reconciled_to_256" time="0.941" /><testcase classname="backend.tests.test_nutrition_accuracy_guard.TestFoodLogEndpoint" name="test_within_10pct_untouched" time="0.139" /><testcase classname="backend.tests.test_nutrition_accuracy_guard.TestFoodLogEndpoint" name="test_impossible_plausibility_still_200" time="0.126" /><testcase classname="backend.tests.test_nutrition_accuracy_guard.TestFoodLogEndpoint" name="test_lean_beef_mince_raw_logs_ok" time="0.140" /><testcase classname="backend.tests.test_nutrition_accuracy_guard.TestFoodLogEndpoint" name="test_extra_lean_beef_mince_raw_logs_clean" time="0.242" /><testcase classname="backend.tests.test_nutrition_accuracy_guard.TestFoodSearchReconciles" name="test_search_results_reconcile" time="1.345" /><testcase classname="backend.tests.test_nutrition_accuracy_guard.TestFoodSearchReconciles" name="test_local_ground_beef_95_lean_present" time="0.773" /><testcase classname="backend.tests.test_nutrition_accuracy_guard.TestFoodSearchReconciles" name="test_local_ground_beef_90_lean_cooked_updated" time="0.811" /><testcase classname="backend.tests.test_nutrition_accuracy_guard.TestFoodSearchReconciles" name="test_local_ground_beef_80_lean_cooked" time="0.819" /><testcase classname="backend.tests.test_nutrition_accuracy_guard.TestFoodSearchReconciles" name="test_search_beef_mince_reconciles" time="1.011" /><testcase classname="backend.tests.test_nutrition_accuracy_guard.TestAISearchReconciles" name="test_ai_result_reconciles[chicken breast]" time="3.416" /><testcase classname="backend.tests.test_nutrition_accuracy_guard.TestAISearchReconciles" name="test_ai_result_reconciles[eggs]" time="2.614" /><testcase classname="backend.tests.test_nutrition_accuracy_guard.TestWebSearchSanitizes" name="test_web_search_returns_200" time="3.676" /><testcase classname="backend.tests.test_nutrition_accuracy_guard.TestIngredientMacrosNoDuplicates" name="test_no_duplicate_keys_in_dict_literal" time="0.118" /><testcase classname="backend.tests.test_nutrition_accuracy_guard.TestIngredientMacrosNoDuplicates" name="test_total_key_count_matches_runtime" time="0.000" /><testcase classname="backend.tests.test_nutrition_accuracy_guard.TestIngredientMacrosCleanupSpotCheck" name="test_chicken_thigh_uses_usda_10_9" time="0.000" /><testcase classname="backend.tests.test_nutrition_accuracy_guard.TestIngredientMacrosCleanupSpotCheck" name="test_chicken_breast_and_default" time="0.000" /><testcase classname="backend.tests.test_nutrition_accuracy_guard.TestIngredientMacrosCleanupSpotCheck" name="test_hemp_seeds_single_declaration_32g_protein" time="0.000" /><testcase classname="backend.tests.test_nutrition_accuracy_guard.TestIngredientMacrosCleanupSpotCheck" name="test_maple_syrup_retains_0_1_precision" time="0.000" /><testcase classname="backend.tests.test_nutrition_accuracy_guard.TestIngredientMacrosCleanupSpotCheck" name="test_nutritional_yeast_and_yeast_flakes_alias" time="0.000" /><testcase classname="backend.tests.test_nutrition_accuracy_guard.TestIngredientMacrosCleanupSpotCheck" name="test_tahini_single_declaration" time="0.000" /><testcase classname="backend.tests.test_nutrition_accuracy_guard.TestIngredientMacrosCleanupSpotCheck" name="test_chia_seeds_single_declaration" time="0.005" /><testcase classname="backend.tests.test_fix5_egg_weight_and_ingredient_state.TestCalculateIngredientMacrosEggs" name="test_two_large_eggs_returns_116g_macros" time="0.001" /><testcase classname="backend.tests.test_fix5_egg_weight_and_ingredient_state.TestCalculateIngredientMacrosEggs" name="test_one_large_egg_returns_58g_macros" time="0.000" /><testcase classname="backend.tests.test_fix5_egg_weight_and_ingredient_state.TestCalculateIngredientMacrosEggs" name="test_three_eggs_uses_58g_weight_not_50g" time="0.000" /><testcase classname="backend.tests.test_fix5_egg_weight_and_ingredient_state.TestExtractPortionGramsEggs" name="test_four_eggs_returns_232g" time="0.000" /><testcase classname="backend.tests.test_fix5_egg_weight_and_ingredient_state.TestExtractPortionGramsEggs" name="test_one_egg_returns_58g" time="0.000" /><testcase classname="backend.tests.test_fix5_egg_weight_and_ingredient_state.TestExtractPortionGramsEggs" name="test_two_eggs_returns_116g" time="0.000" /><testcase classname="backend.tests.test_fix5_egg_weight_and_ingredient_state.TestExtractPortionGramsEggs" name="test_explicit_grams_serving_still_wins" time="0.000" /><testcase classname="backend.tests.test_fix5_egg_weight_and_ingredient_state.TestExtractPortionGramsEggs" name="test_regression_guard_uses_58_not_50" time="0.000" /><testcase classname="backend.tests.test_fix5_egg_weight_and_ingredient_state.TestMealPlanPromptStrings" name="test_macro_reference_has_58g_ea" time="0.001" /><testcase classname="backend.tests.test_fix5_egg_weight_and_ingredient_state.TestMealPlanPromptStrings" name="test_macro_reference_no_old_50g_ea" time="0.001" /><testcase classname="backend.tests.test_fix5_egg_weight_and_ingredient_state.TestMealPlanPromptStrings" name="test_macro_reference_no_old_5_5F_egg" time="0.000" /><testcase classname="backend.tests.test_fix5_egg_weight_and_ingredient_state.TestMealPlanPromptStrings" name="test_fat_lookup_uses_58g_each" time="0.000" /><testcase classname="backend.tests.test_fix5_egg_weight_and_ingredient_state.TestMealPlanPromptStrings" name="test_fat_lookup_no_50g_each" time="0.000" /><testcase classname="backend.tests.test_fix5_egg_weight_and_ingredient_state.TestMealPlanPromptStrings" name="test_breakfast_note_uses_6_4g_fat" time="0.000" /><testcase classname="backend.tests.test_fix5_egg_weight_and_ingredient_state.TestMealPlanPromptStrings" name="test_breakfast_note_no_5_5g_fat" time="0.000" /><testcase classname="backend.tests.test_fix5_egg_weight_and_ingredient_state.TestMealPlanPromptStrings" name="test_limit_eggs_formula_uses_6_4" time="0.000" /><testcase classname="backend.tests.test_fix5_egg_weight_and_ingredient_state.TestMealPlanPromptStrings" name="test_limit_eggs_formula_no_old_5_5_divisor" time="0.001" /><testcase classname="backend.tests.test_fix5_egg_weight_and_ingredient_state.TestFoodLogTwoEggsUnmodified" name="test_reconcile_within_tolerance_untouched" time="0.969" /><testcase classname="backend.tests.test_fix5_egg_weight_and_ingredient_state.TestMealDetailSourceAssertions" name="test_existing_state_regex_defined" time="0.000" /><testcase classname="backend.tests.test_fix5_egg_weight_and_ingredient_state.TestMealDetailSourceAssertions" name="test_strip_existing_state_helper_defined" time="0.000" /><testcase classname="backend.tests.test_fix5_egg_weight_and_ingredient_state.TestMealDetailSourceAssertions" name="test_meal_contains_meat_helper_defined" time="0.000" /><testcase classname="backend.tests.test_fix5_egg_weight_and_ingredient_state.TestMealDetailSourceAssertions" name="test_weigh_meat_raw_guarded_by_meal_contains_meat" time="0.000" /><testcase classname="backend.tests.test_fix5_egg_weight_and_ingredient_state.TestMealDetailSourceAssertions" name="test_format_ingredient_uses_strip_existing_state" time="0.005" /></testsuite></testsuites>