<?xml version="1.0" encoding="utf-8"?><testsuites name="pytest tests"><testsuite name="pytest" errors="0" failures="0" skipped="0" tests="28" time="14.862" timestamp="2026-08-07T12:03:46.566497+00:00" hostname="agent-env-e7cfbf89-0d91-49b6-aee7-bd17c876da53"><testcase classname="backend.tests.test_nutrition_accuracy_guard.TestIngredientMacrosCorrections" name="test_extra_lean_beef_mince_171" time="0.000" /><testcase classname="backend.tests.test_nutrition_accuracy_guard.TestIngredientMacrosCorrections" name="test_sirloin_207" time="0.000" /><testcase classname="backend.tests.test_nutrition_accuracy_guard.TestIngredientMacrosCorrections" name="test_turkey_189" time="0.000" /><testcase classname="backend.tests.test_nutrition_accuracy_guard.TestIngredientMacrosCorrections" name="test_cod_105" time="0.000" /><testcase classname="backend.tests.test_nutrition_accuracy_guard.TestIngredientMacrosCorrections" name="test_ribeye_291" time="0.000" /><testcase classname="backend.tests.test_nutrition_accuracy_guard.TestSanitizeGuardUnit" name="test_reconcile_bad_eggs_596_to_256" time="0.001" /><testcase classname="backend.tests.test_nutrition_accuracy_guard.TestSanitizeGuardUnit" name="test_reasonable_within_tolerance_not_altered" time="0.000" /><testcase classname="backend.tests.test_nutrition_accuracy_guard.TestSanitizeGuardUnit" name="test_mass_conservation_warning" time="0.000" /><testcase classname="backend.tests.test_nutrition_accuracy_guard.TestSanitizeGuardUnit" name="test_negative_values_do_not_crash" time="0.000" /><testcase classname="backend.tests.test_nutrition_accuracy_guard.TestSanitizeGuardUnit" name="test_all_zero_no_reconcile" time="0.000" /><testcase classname="backend.tests.test_nutrition_accuracy_guard.TestSanitizeGuardUnit" name="test_single_macro_ceiling" time="0.000" /><testcase classname="backend.tests.test_nutrition_accuracy_guard.TestSanitizeGuardUnit" name="test_reference_divergence_beef" time="0.000" /><testcase classname="backend.tests.test_nutrition_accuracy_guard.TestReferenceLookup" name="test_alias_extra_lean_fuzzy_match" time="0.000" /><testcase classname="backend.tests.test_nutrition_accuracy_guard.TestReferenceLookup" name="test_alias_direct_key_hits_extra_lean" time="0.000" /><testcase classname="backend.tests.test_nutrition_accuracy_guard.TestReferenceLookup" name="test_alias_eggs" time="0.000" /><testcase classname="backend.tests.test_nutrition_accuracy_guard.TestReferenceLookup" name="test_no_match_returns_none" time="0.000" /><testcase classname="backend.tests.test_nutrition_accuracy_guard.TestSubscriptionGate" name="test_food_log_forbidden_for_free" time="0.882" /><testcase classname="backend.tests.test_nutrition_accuracy_guard.TestSubscriptionGate" name="test_food_search_forbidden_for_free" time="0.106" /><testcase classname="backend.tests.test_nutrition_accuracy_guard.TestSubscriptionGate" name="test_food_ai_search_forbidden_for_free" time="0.100" /><testcase classname="backend.tests.test_nutrition_accuracy_guard.TestSubscriptionGate" name="test_food_web_search_forbidden_for_free" time="0.108" /><testcase classname="backend.tests.test_nutrition_accuracy_guard.TestFoodLogEndpoint" name="test_bad_596_reconciled_to_256" time="0.726" /><testcase classname="backend.tests.test_nutrition_accuracy_guard.TestFoodLogEndpoint" name="test_within_10pct_untouched" time="0.114" /><testcase classname="backend.tests.test_nutrition_accuracy_guard.TestFoodLogEndpoint" name="test_impossible_plausibility_still_200" time="0.110" /><testcase classname="backend.tests.test_nutrition_accuracy_guard.TestFoodSearchReconciles" name="test_search_results_reconcile" time="0.707" /><testcase classname="backend.tests.test_nutrition_accuracy_guard.TestFoodSearchReconciles" name="test_local_ground_beef_95_lean_present" time="0.438" /><testcase classname="backend.tests.test_nutrition_accuracy_guard.TestAISearchReconciles" name="test_ai_result_reconciles[chicken breast]" time="3.342" /><testcase classname="backend.tests.test_nutrition_accuracy_guard.TestAISearchReconciles" name="test_ai_result_reconciles[eggs]" time="4.892" /><testcase classname="backend.tests.test_nutrition_accuracy_guard.TestWebSearchSanitizes" name="test_web_search_returns_200" time="1.510" /></testsuite></testsuites>