<?xml version="1.0" encoding="utf-8"?><testsuites name="pytest tests"><testsuite name="pytest" errors="0" failures="1" skipped="0" tests="17" time="2.016" timestamp="2026-08-19T02:06:07.959891+00:00" hostname="agent-env-e7cfbf89-0d91-49b6-aee7-bd17c876da53"><testcase classname="test_fix8_structured_portion" name="test_subscription_gate_free_user_gets_403" time="0.006" /><testcase classname="test_fix8_structured_portion" name="test_yogurt_hallucination_falls_back_to_reference" time="0.004"><failure message="AssertionError: cal off: 276 — reference lookup picked wrong food ('protein' instead of 'yogurt' for 'High Protein Yogurt'). See RCA in test_reports/iteration_47.json.&#10;assert 276 &lt;= 130">E   AssertionError: cal off: 276 — reference lookup picked wrong food ('protein' instead of 'yogurt' for 'High Protein Yogurt'). See RCA in test_reports/iteration_47.json.
    assert 276 &lt;= 130</failure></testcase><testcase classname="test_fix8_structured_portion" name="test_yogurt_happy_path_correct_per100g" time="0.003" /><testcase classname="test_fix8_structured_portion" name="test_code_owns_arithmetic_ignores_wrong_top_level_totals" time="0.003" /><testcase classname="test_fix8_structured_portion" name="test_derive_per100g_from_per_serving" time="0.003" /><testcase classname="test_fix8_structured_portion" name="test_fail_visibly_when_no_per100g_and_non_gram_serving" time="0.003" /><testcase classname="test_fix8_structured_portion" name="test_fail_visibly_on_low_confidence" time="0.002" /><testcase classname="test_fix8_structured_portion" name="test_no_portion_best_effort_path" time="0.003" /><testcase classname="test_fix8_structured_portion" name="test_preview_envelope_keys_present" time="0.003" /><testcase classname="test_fix8_structured_portion" name="test_archetype_determinism_5x[yogurt_100g-per1000-100-53-9.5]" time="0.007" /><testcase classname="test_fix8_structured_portion" name="test_archetype_determinism_5x[yogurt_180g-per1001-180-96-17.1]" time="0.007" /><testcase classname="test_fix8_structured_portion" name="test_archetype_determinism_5x[yogurt_200g-per1002-200-107-19.0]" time="0.007" /><testcase classname="test_fix8_structured_portion" name="test_archetype_determinism_5x[beef_mince_200g-per1003-200-342-53.0]" time="0.007" /><testcase classname="test_fix8_structured_portion" name="test_archetype_determinism_5x[egg_232g-per1004-232-332-29.2]" time="0.007" /><testcase classname="test_fix8_structured_portion" name="test_archetype_determinism_5x[milk_250ml-per1005-250-88-8.5]" time="0.007" /><testcase classname="test_fix8_structured_portion" name="test_hallucination_retry_succeeds" time="0.003" /><testcase classname="test_fix8_structured_portion" name="test_preview_true_does_not_insert" time="0.003" /></testsuite></testsuites>