<?xml version="1.0" encoding="utf-8"?><testsuites name="pytest tests"><testsuite name="pytest" errors="0" failures="3" skipped="0" tests="58" time="13.533" timestamp="2026-08-09T02:07:25.481882+00:00" hostname="agent-env-e7cfbf89-0d91-49b6-aee7-bd17c876da53"><testcase classname="backend.tests.test_nutrition_accuracy_guard.TestIngredientMacrosCorrections" name="test_extra_lean_beef_mince_171" time="0.000" /><testcase classname="backend.tests.test_nutrition_accuracy_guard.TestIngredientMacrosCorrections" name="test_lean_beef_mince_217" time="0.000" /><testcase classname="backend.tests.test_nutrition_accuracy_guard.TestIngredientMacrosCorrections" name="test_lean_ground_beef_217" time="0.000" /><testcase classname="backend.tests.test_nutrition_accuracy_guard.TestIngredientMacrosCorrections" name="test_fatty_beef_mince_272" time="0.000" /><testcase classname="backend.tests.test_nutrition_accuracy_guard.TestIngredientMacrosCorrections" name="test_regular_beef_mince_272" time="0.000" /><testcase classname="backend.tests.test_nutrition_accuracy_guard.TestIngredientMacrosCorrections" name="test_ground_beef_default_272" time="0.000" /><testcase classname="backend.tests.test_nutrition_accuracy_guard.TestIngredientMacrosCorrections" name="test_beef_mince_default_272" time="0.000" /><testcase classname="backend.tests.test_nutrition_accuracy_guard.TestIngredientMacrosCorrections" name="test_ground_beef_equals_fatty_ground_beef" time="0.000" /><testcase classname="backend.tests.test_nutrition_accuracy_guard.TestIngredientMacrosCorrections" name="test_sirloin_212" time="0.000" /><testcase classname="backend.tests.test_nutrition_accuracy_guard.TestIngredientMacrosCorrections" name="test_turkey_170" time="0.000" /><testcase classname="backend.tests.test_nutrition_accuracy_guard.TestIngredientMacrosCorrections" name="test_ground_turkey_203" time="0.000" /><testcase classname="backend.tests.test_nutrition_accuracy_guard.TestIngredientMacrosCorrections" name="test_rump_194" time="0.000" /><testcase classname="backend.tests.test_nutrition_accuracy_guard.TestIngredientMacrosCorrections" name="test_salmon_206" time="0.000" /><testcase classname="backend.tests.test_nutrition_accuracy_guard.TestIngredientMacrosCorrections" name="test_tuna_116" time="0.000" /><testcase classname="backend.tests.test_nutrition_accuracy_guard.TestIngredientMacrosCorrections" name="test_cod_105" time="0.000" /><testcase classname="backend.tests.test_nutrition_accuracy_guard.TestIngredientMacrosCorrections" name="test_ribeye_291" time="0.000" /><testcase classname="backend.tests.test_nutrition_accuracy_guard.TestIngredientMacrosCorrections" name="test_brown_rice_123" time="0.000" /><testcase classname="backend.tests.test_nutrition_accuracy_guard.TestIngredientMacrosCorrections" name="test_pasta_158" time="0.000" /><testcase classname="backend.tests.test_nutrition_accuracy_guard.TestIngredientMacrosCorrections" name="test_couscous_112" time="0.000" /><testcase classname="backend.tests.test_nutrition_accuracy_guard.TestSanitizeGuardUnit" name="test_reconcile_bad_eggs_596_to_256" time="0.000" /><testcase classname="backend.tests.test_nutrition_accuracy_guard.TestSanitizeGuardUnit" name="test_reasonable_within_tolerance_not_altered" time="0.000" /><testcase classname="backend.tests.test_nutrition_accuracy_guard.TestSanitizeGuardUnit" name="test_mass_conservation_warning" time="0.000" /><testcase classname="backend.tests.test_nutrition_accuracy_guard.TestSanitizeGuardUnit" name="test_negative_values_do_not_crash" time="0.000" /><testcase classname="backend.tests.test_nutrition_accuracy_guard.TestSanitizeGuardUnit" name="test_all_zero_no_reconcile" time="0.000" /><testcase classname="backend.tests.test_nutrition_accuracy_guard.TestSanitizeGuardUnit" name="test_single_macro_ceiling" time="0.000" /><testcase classname="backend.tests.test_nutrition_accuracy_guard.TestSanitizeGuardUnit" name="test_reference_divergence_beef" time="0.000" /><testcase classname="backend.tests.test_nutrition_accuracy_guard.TestSanitizeGuardUnit" name="test_lean_beef_mince_raw_values_not_mutated" time="0.000" /><testcase classname="backend.tests.test_nutrition_accuracy_guard.TestSanitizeGuardUnit" name="test_extra_lean_beef_mince_raw_clean" time="0.000" /><testcase classname="backend.tests.test_nutrition_accuracy_guard.TestReferenceLookup" name="test_alias_extra_lean_fuzzy_match" time="0.000" /><testcase classname="backend.tests.test_nutrition_accuracy_guard.TestReferenceLookup" name="test_alias_direct_key_hits_extra_lean" time="0.000" /><testcase classname="backend.tests.test_nutrition_accuracy_guard.TestReferenceLookup" name="test_alias_eggs" time="0.000" /><testcase classname="backend.tests.test_nutrition_accuracy_guard.TestReferenceLookup" name="test_no_match_returns_none" time="0.000" /><testcase classname="backend.tests.test_nutrition_accuracy_guard.TestSubscriptionGate" name="test_food_log_forbidden_for_free" time="0.775" /><testcase classname="backend.tests.test_nutrition_accuracy_guard.TestSubscriptionGate" name="test_food_search_forbidden_for_free" time="0.101" /><testcase classname="backend.tests.test_nutrition_accuracy_guard.TestSubscriptionGate" name="test_food_ai_search_forbidden_for_free" time="0.099" /><testcase classname="backend.tests.test_nutrition_accuracy_guard.TestSubscriptionGate" name="test_food_web_search_forbidden_for_free" time="0.092" /><testcase classname="backend.tests.test_nutrition_accuracy_guard.TestFoodLogEndpoint" name="test_bad_596_reconciled_to_256" time="0.892" /><testcase classname="backend.tests.test_nutrition_accuracy_guard.TestFoodLogEndpoint" name="test_within_10pct_untouched" time="0.126" /><testcase classname="backend.tests.test_nutrition_accuracy_guard.TestFoodLogEndpoint" name="test_impossible_plausibility_still_200" time="0.118" /><testcase classname="backend.tests.test_nutrition_accuracy_guard.TestFoodLogEndpoint" name="test_lean_beef_mince_raw_logs_ok" time="0.106" /><testcase classname="backend.tests.test_nutrition_accuracy_guard.TestFoodLogEndpoint" name="test_extra_lean_beef_mince_raw_logs_clean" time="0.100" /><testcase classname="backend.tests.test_nutrition_accuracy_guard.TestFoodSearchReconciles" name="test_search_results_reconcile" time="0.494" /><testcase classname="backend.tests.test_nutrition_accuracy_guard.TestFoodSearchReconciles" name="test_local_ground_beef_95_lean_present" time="0.425" /><testcase classname="backend.tests.test_nutrition_accuracy_guard.TestFoodSearchReconciles" name="test_local_ground_beef_90_lean_cooked_updated" time="0.417" /><testcase classname="backend.tests.test_nutrition_accuracy_guard.TestFoodSearchReconciles" name="test_local_ground_beef_80_lean_cooked" time="0.435" /><testcase classname="backend.tests.test_nutrition_accuracy_guard.TestFoodSearchReconciles" name="test_search_beef_mince_reconciles" time="0.424"><failure message="assert (True and 0 &gt; 0)&#10; +  where True = isinstance([], list)&#10; +  and   0 = len([])">E   assert (True and 0 &gt; 0)
     +  where True = isinstance([], list)
     +  and   0 = len([])</failure></testcase><testcase classname="backend.tests.test_nutrition_accuracy_guard.TestAISearchReconciles" name="test_ai_result_reconciles[chicken breast]" time="3.073" /><testcase classname="backend.tests.test_nutrition_accuracy_guard.TestAISearchReconciles" name="test_ai_result_reconciles[eggs]" time="2.662" /><testcase classname="backend.tests.test_nutrition_accuracy_guard.TestWebSearchSanitizes" name="test_web_search_returns_200" time="1.378" /><testcase classname="backend.tests.test_nutrition_accuracy_guard.TestIngredientMacrosNoDuplicates" name="test_no_duplicate_keys_in_dict_literal" time="0.111" /><testcase classname="backend.tests.test_nutrition_accuracy_guard.TestIngredientMacrosNoDuplicates" name="test_total_key_count_matches_runtime" time="0.000" /><testcase classname="backend.tests.test_nutrition_accuracy_guard.TestIngredientMacrosCleanupSpotCheck" name="test_chicken_thigh_uses_usda_10_9" time="0.000" /><testcase classname="backend.tests.test_nutrition_accuracy_guard.TestIngredientMacrosCleanupSpotCheck" name="test_chicken_breast_and_default" time="0.000" /><testcase classname="backend.tests.test_nutrition_accuracy_guard.TestIngredientMacrosCleanupSpotCheck" name="test_hemp_seeds_single_declaration_32g_protein" time="0.000" /><testcase classname="backend.tests.test_nutrition_accuracy_guard.TestIngredientMacrosCleanupSpotCheck" name="test_maple_syrup_retains_0_1_precision" time="0.001"><failure message="AssertionError: maple syrup got (260, 0, 67, 0) — expected (260, 0.1, 67, 0.1). Cleanup pass may have removed the wrong duplicate (kept the earlier zero-precision row).&#10;assert (260, 0, 67, 0) == (260, 0.1, 67, 0.1)&#10;  &#10;  At index 1 diff: 0 != 0.1&#10;  &#10;  Full diff:&#10;    (&#10;        260,&#10;  -     0.1,...&#10;  &#10;  ...Full output truncated (7 lines hidden), use '-vv' to show">E   AssertionError: maple syrup got (260, 0, 67, 0) — expected (260, 0.1, 67, 0.1). Cleanup pass may have removed the wrong duplicate (kept the earlier zero-precision row).
    assert (260, 0, 67, 0) == (260, 0.1, 67, 0.1)
      
      At index 1 diff: 0 != 0.1
      
      Full diff:
        (
            260,
      -     0.1,...
      
      ...Full output truncated (7 lines hidden), use '-vv' to show</failure></testcase><testcase classname="backend.tests.test_nutrition_accuracy_guard.TestIngredientMacrosCleanupSpotCheck" name="test_nutritional_yeast_and_yeast_flakes_alias" time="0.000"><failure message="AssertionError: 'yeast flakes' alias was removed by cleanup pass but comment says 'declared earlier' — the alias must still resolve or the comment is wrong.&#10;assert 'yeast flakes' in {'5 star beef mince': (171, 26.5, 0, 6.9), 'agave nectar': (310, 0.1, 76, 0), 'agave syrup': (310, 0.1, 76, 0), 'almond': (579, 21, 22, 50), ...}">E   AssertionError: 'yeast flakes' alias was removed by cleanup pass but comment says 'declared earlier' — the alias must still resolve or the comment is wrong.
    assert 'yeast flakes' in {'5 star beef mince': (171, 26.5, 0, 6.9), 'agave nectar': (310, 0.1, 76, 0), 'agave syrup': (310, 0.1, 76, 0), 'almond': (579, 21, 22, 50), ...}</failure></testcase><testcase classname="backend.tests.test_nutrition_accuracy_guard.TestIngredientMacrosCleanupSpotCheck" name="test_tahini_single_declaration" time="0.000" /><testcase classname="backend.tests.test_nutrition_accuracy_guard.TestIngredientMacrosCleanupSpotCheck" name="test_chia_seeds_single_declaration" time="0.006" /></testsuite></testsuites>