<?xml version="1.0" encoding="utf-8"?><testsuites name="pytest tests"><testsuite name="pytest" errors="0" failures="0" skipped="0" tests="10" time="183.870" timestamp="2026-06-17T12:24:12.641596+00:00" hostname="agent-env-e7cfbf89-0d91-49b6-aee7-bd17c876da53"><testcase classname="backend.tests.test_limitation_safety.TestSciaticaLowerBack" name="test_sciatica_no_lower_back_exercises" time="19.118" /><testcase classname="backend.tests.test_limitation_safety.TestRotatorCuffShoulder" name="test_rotator_cuff_no_shoulder_exercises" time="16.501" /><testcase classname="backend.tests.test_limitation_safety.TestACLKnee" name="test_acl_injury_no_knee_exercises" time="19.599" /><testcase classname="backend.tests.test_limitation_safety.TestTennisElbow" name="test_tennis_elbow_no_elbow_exercises" time="21.381" /><testcase classname="backend.tests.test_limitation_safety.TestPlantarFasciitisAnkle" name="test_plantar_fasciitis_no_ankle_exercises" time="20.098" /><testcase classname="backend.tests.test_limitation_safety.TestNoInjuriesRegression" name="test_no_injuries_returns_200_with_workout" time="16.645" /><testcase classname="backend.tests.test_limitation_safety.TestHerniatedDiscLowerBack" name="test_herniated_disc_no_lower_back_exercises" time="17.449" /><testcase classname="backend.tests.test_limitation_safety.TestAllLimitationsFallback" name="test_all_limitations_returns_workout_with_no_excluded_exercises" time="17.302" /><testcase classname="backend.tests.test_limitation_safety.TestNormalizeLimitationsLogic" name="test_runner_knee_synonym_in_response" time="17.588" /><testcase classname="backend.tests.test_limitation_safety.TestNormalizeLimitationsLogic" name="test_carpal_tunnel_synonym" time="18.136" /></testsuite></testsuites>