<?xml version="1.0" encoding="utf-8"?><testsuites name="pytest tests"><testsuite name="pytest" errors="0" failures="1" skipped="0" tests="9" time="288.988" timestamp="2026-03-25T12:19:27.342048+00:00" hostname="agent-env-e7cfbf89-0d91-49b6-aee7-bd17c876da53"><testcase classname="backend.tests.test_macro_accuracy.TestBalancedMealPlan" name="test_balanced_macros_within_10_percent" time="33.633"><failure message="AssertionError: ❌ BALANCED MACRO ACCURACY FAILED&#10;  Day 2 protein: 190.0g vs target 172.0g (10.5% &gt; 10.0%)&#10;  Day 3 fats: 85.0g vs target 76.0g (11.8% &gt; 10.0%)&#10;assert 2 == 0&#10; +  where 2 = len(['Day 2 protein: 190.0g vs target 172.0g (10.5% &gt; 10.0%)', 'Day 3 fats: 85.0g vs target 76.0g (11.8% &gt; 10.0%)'])">E   AssertionError: ❌ BALANCED MACRO ACCURACY FAILED
      Day 2 protein: 190.0g vs target 172.0g (10.5% &gt; 10.0%)
      Day 3 fats: 85.0g vs target 76.0g (11.8% &gt; 10.0%)
    assert 2 == 0
     +  where 2 = len(['Day 2 protein: 190.0g vs target 172.0g (10.5% &gt; 10.0%)', 'Day 3 fats: 85.0g vs target 76.0g (11.8% &gt; 10.0%)'])</failure></testcase><testcase classname="backend.tests.test_macro_accuracy.TestHighProteinMealPlan" name="test_high_protein_macros_within_10_percent" time="38.277" /><testcase classname="backend.tests.test_macro_accuracy.TestKetoMealPlan" name="test_keto_carbs_under_50g_all_days" time="35.581" /><testcase classname="backend.tests.test_macro_accuracy.TestKetoMealPlan" name="test_keto_not_using_profile_carb_target" time="35.386" /><testcase classname="backend.tests.test_macro_accuracy.TestVeganMealPlan" name="test_vegan_no_animal_products" time="35.330" /><testcase classname="backend.tests.test_macro_accuracy.TestVeganMealPlan" name="test_vegan_protein_within_15_percent_no_inflation" time="37.804" /><testcase classname="backend.tests.test_macro_accuracy.TestMacroSanityCheck" name="test_balanced_ingredient_sanity" time="39.871" /><testcase classname="backend.tests.test_macro_accuracy.TestMacroSanityCheck" name="test_keto_fat_dominance_sanity" time="32.738" /><testcase classname="backend.tests.test_macro_accuracy.TestHealthCheck" name="test_health" time="0.313" /></testsuite></testsuites>