<?xml version="1.0" encoding="utf-8"?><testsuites name="pytest tests"><testsuite name="pytest" errors="0" failures="0" skipped="0" tests="7" time="224.282" timestamp="2026-03-25T13:30:30.787317+00:00" hostname="agent-env-e7cfbf89-0d91-49b6-aee7-bd17c876da53"><testcase classname="backend.tests.test_macro_scaling_and_foods_filter.TestHealthCheck" name="test_health_returns_200" time="0.200" /><testcase classname="backend.tests.test_macro_scaling_and_foods_filter.TestBalancedMealPlanAllDays" name="test_balanced_all_3_days_macro_accuracy" time="35.233" /><testcase classname="backend.tests.test_macro_scaling_and_foods_filter.TestVeganMealPlanProtein" name="test_vegan_protein_range_and_no_animal_products" time="37.364" /><testcase classname="backend.tests.test_macro_scaling_and_foods_filter.TestKetoMealPlanCarbs" name="test_keto_day1_carbs_under_50g" time="37.940" /><testcase classname="backend.tests.test_macro_scaling_and_foods_filter.TestHighProteinMealPlan" name="test_high_protein_within_15_percent" time="38.371" /><testcase classname="backend.tests.test_macro_scaling_and_foods_filter.TestFoodsToAvoidChickenTemplate" name="test_balanced_no_chicken_in_names_or_ingredients" time="33.969" /><testcase classname="backend.tests.test_macro_scaling_and_foods_filter.TestAlternateMealChickenFree" name="test_alternate_meal_no_chicken" time="41.153" /></testsuite></testsuites>