<?xml version="1.0" encoding="utf-8"?><testsuites name="pytest tests"><testsuite name="pytest" errors="0" failures="0" skipped="0" tests="5" time="92.619" timestamp="2026-07-07T01:02:59.893303+00:00" hostname="agent-env-e7cfbf89-0d91-49b6-aee7-bd17c876da53"><testcase classname="backend.tests.test_meal_plan_accuracy_pass.TestAlternateMealProof1" name="test_profile_exists" time="0.371" /><testcase classname="backend.tests.test_meal_plan_accuracy_pass.TestAlternateMealProof1" name="test_alternate_meal_has_day_totals" time="2.818" /><testcase classname="backend.tests.test_meal_plan_accuracy_pass.TestAlternateMealProof1" name="test_day_totals_values_are_numeric" time="3.155" /><testcase classname="backend.tests.test_meal_plan_accuracy_pass.TestCalorieAdjustmentProof2" name="test_calorie_adjustment_honoured_in_plan" time="42.416" /><testcase classname="backend.tests.test_meal_plan_accuracy_pass.TestCalorieAdjustmentProof2" name="test_calorie_adjustment_zero_baseline" time="43.756" /></testsuite></testsuites>