<?xml version="1.0" encoding="utf-8"?><testsuites name="pytest tests"><testsuite name="pytest" errors="0" failures="0" skipped="0" tests="16" time="13.782" timestamp="2026-07-06T23:35:49.839753+00:00" hostname="agent-env-e7cfbf89-0d91-49b6-aee7-bd17c876da53"><testcase classname="backend.tests.test_per_serving_nutrition_label.TestStaticCodeVerification" name="test_backend_server_py_exists" time="0.000" /><testcase classname="backend.tests.test_per_serving_nutrition_label.TestStaticCodeVerification" name="test_user_prompt_contains_avg_per_serving" time="0.003" /><testcase classname="backend.tests.test_per_serving_nutrition_label.TestStaticCodeVerification" name="test_user_prompt_contains_not_per_100g" time="0.003" /><testcase classname="backend.tests.test_per_serving_nutrition_label.TestStaticCodeVerification" name="test_vision_prompt_contains_transcribe_exactly" time="0.002" /><testcase classname="backend.tests.test_per_serving_nutrition_label.TestStaticCodeVerification" name="test_vision_prompt_contains_not_per_100g_column" time="0.001" /><testcase classname="backend.tests.test_per_serving_nutrition_label.TestStaticCodeVerification" name="test_frontend_pickimage_quality_0_8" time="0.001" /><testcase classname="backend.tests.test_per_serving_nutrition_label.TestStaticCodeVerification" name="test_frontend_quality_0_8_near_lines_440_and_459" time="0.000" /><testcase classname="backend.tests.test_per_serving_nutrition_label.TestBackendProcessRunning" name="test_supervisor_backend_running" time="0.166" /><testcase classname="backend.tests.test_per_serving_nutrition_label.TestBackendProcessRunning" name="test_backend_pid_is_2070" time="0.145" /><testcase classname="backend.tests.test_per_serving_nutrition_label.TestBackendProcessRunning" name="test_health_endpoint" time="0.351" /><testcase classname="backend.tests.test_per_serving_nutrition_label.TestPerServingNutritionLabel" name="test_synthetic_image_is_valid_png_and_large_enough" time="0.054" /><testcase classname="backend.tests.test_per_serving_nutrition_label.TestPerServingNutritionLabel" name="test_analyze_endpoint_accepts_nutrition_label" time="2.910" /><testcase classname="backend.tests.test_per_serving_nutrition_label.TestPerServingNutritionLabel" name="test_analyze_returns_protein_close_to_per_serving_not_per_100g" time="2.594" /><testcase classname="backend.tests.test_per_serving_nutrition_label.TestPerServingNutritionLabel" name="test_analyze_returns_calories_close_to_per_serving" time="2.502" /><testcase classname="backend.tests.test_per_serving_nutrition_label.TestPerServingNutritionLabel" name="test_analyze_returns_valid_food_entry_structure" time="2.464" /><testcase classname="backend.tests.test_per_serving_nutrition_label.TestPreviewDoesNotInsertDB" name="test_preview_true_no_db_insert" time="2.521" /></testsuite></testsuites>