<?xml version="1.0" encoding="utf-8"?><testsuites name="pytest tests"><testsuite name="pytest" errors="0" failures="0" skipped="0" tests="8" time="93.219" timestamp="2026-03-24T00:31:24.091696+00:00" hostname="agent-env-e7cfbf89-0d91-49b6-aee7-bd17c876da53"><testcase classname="backend.tests.test_claude_opus_migration.TestHealthCheck" name="test_health_check_returns_200" time="0.202" /><testcase classname="backend.tests.test_claude_opus_migration.TestWorkoutGeneration" name="test_workout_generation_success" time="35.346" /><testcase classname="backend.tests.test_claude_opus_migration.TestVeganMealPlanProtein" name="test_vegan_meal_plan_has_realistic_protein" time="0.170" /><testcase classname="backend.tests.test_claude_opus_migration.TestVeganMealPlanProtein" name="test_vegan_meal_plan_protein_not_same_as_balanced" time="0.165" /><testcase classname="backend.tests.test_claude_opus_migration.TestAlternateMealFoodsToAvoid" name="test_alternate_meal_respects_foods_to_avoid_chicken" time="6.538" /><testcase classname="backend.tests.test_claude_opus_migration.TestChatEndpoint" name="test_chat_returns_response" time="20.412" /><testcase classname="backend.tests.test_claude_opus_migration.TestChatEndpoint" name="test_chat_fitness_question_with_user_context" time="16.174" /><testcase classname="backend.tests.test_claude_opus_migration.TestClaudeOpusModelVerification" name="test_backend_logs_show_claude_opus" time="14.156" /></testsuite></testsuites>