<?xml version="1.0" encoding="utf-8"?><testsuites name="pytest tests"><testsuite name="pytest" errors="0" failures="0" skipped="0" tests="10" time="2.131" timestamp="2026-03-31T09:44:06.510645+00:00" hostname="agent-env-e7cfbf89-0d91-49b6-aee7-bd17c876da53"><testcase classname="backend.tests.test_review_iteration10.TestReorderExercisesEndpoint" name="test_reorder_exercises_returns_200" time="0.262" /><testcase classname="backend.tests.test_review_iteration10.TestReorderExercisesEndpoint" name="test_reorder_persists_to_db" time="0.271" /><testcase classname="backend.tests.test_review_iteration10.TestReorderExercisesEndpoint" name="test_reorder_invalid_workout_returns_404" time="0.143" /><testcase classname="backend.tests.test_review_iteration10.TestReorderExercisesEndpoint" name="test_reorder_length_mismatch_returns_400" time="0.105" /><testcase classname="backend.tests.test_review_iteration10.TestReorderExercisesEndpoint" name="test_reorder_invalid_day_index_returns_400" time="0.137" /><testcase classname="backend.tests.test_review_iteration10.TestCycleCrossTrainerGIF" name="test_gif_2331_returns_200" time="0.630" /><testcase classname="backend.tests.test_review_iteration10.TestCycleCrossTrainerGIF" name="test_workout_has_cycle_cross_trainer" time="0.112" /><testcase classname="backend.tests.test_review_iteration10.TestOnboardingGenderOptions" name="test_onboarding_gender_male_accepted" time="0.134" /><testcase classname="backend.tests.test_review_iteration10.TestOnboardingGenderOptions" name="test_onboarding_gender_female_accepted" time="0.102" /><testcase classname="backend.tests.test_review_iteration10.TestOnboardingGenderOptions" name="test_workout_get_returns_200" time="0.126" /></testsuite></testsuites>