<?xml version="1.0" encoding="utf-8"?><testsuites name="pytest tests"><testsuite name="pytest" errors="0" failures="1" skipped="0" tests="5" time="136.716" timestamp="2026-03-25T11:13:49.317779+00:00" hostname="agent-env-e7cfbf89-0d91-49b6-aee7-bd17c876da53"><testcase classname="backend.tests.test_review_request_fixes.TestHealthCheck" name="test_health_returns_200" time="0.336" /><testcase classname="backend.tests.test_review_request_fixes.TestVeganProteinAccuracy" name="test_vegan_protein_not_inflated" time="35.892" /><testcase classname="backend.tests.test_review_request_fixes.TestAlternateChickenBan" name="test_alternate_no_chicken_when_avoided" time="36.674" /><testcase classname="backend.tests.test_review_request_fixes.TestKetoCarbs" name="test_keto_day1_carbs_under_50g" time="37.875"><failure message="AssertionError: ❌ KETO COMPLIANCE FAILED: Day 1 carbs = 127.0g, exceeds 50g limit! is_low_carb=True bypass is NOT working. Check scale_day_to_targets() in server.py.&#10;assert 127.0 &lt; 50">backend/tests/test_review_request_fixes.py:307: in test_keto_day1_carbs_under_50g
    assert total_carbs &lt; 50, (
E   AssertionError: ❌ KETO COMPLIANCE FAILED: Day 1 carbs = 127.0g, exceeds 50g limit! is_low_carb=True bypass is NOT working. Check scale_day_to_targets() in server.py.
E   assert 127.0 &lt; 50</failure></testcase><testcase classname="backend.tests.test_review_request_fixes.TestWorkoutWithGIFs" name="test_workout_200_with_gif_urls" time="25.726" /></testsuite></testsuites>