<?xml version="1.0" encoding="utf-8"?><testsuites name="pytest tests"><testsuite name="pytest" errors="0" failures="0" skipped="0" tests="16" time="257.480" timestamp="2026-04-13T02:47:37.918847+00:00" hostname="agent-env-e7cfbf89-0d91-49b6-aee7-bd17c876da53"><testcase classname="backend.tests.test_workout_engine_round3.TestSixDayUpperLower" name="test_t1a_exactly_six_days" time="34.851" /><testcase classname="backend.tests.test_workout_engine_round3.TestSixDayUpperLower" name="test_t1b_upper_lower_alternation" time="0.000" /><testcase classname="backend.tests.test_workout_engine_round3.TestSixDayUpperLower" name="test_t1c_day5_is_upper_full" time="0.000" /><testcase classname="backend.tests.test_workout_engine_round3.TestSixDayUpperLower" name="test_t1d_push_pull_frequency_balance" time="0.000" /><testcase classname="backend.tests.test_workout_engine_round3.TestCalisthenics4Day" name="test_t2a_exactly_four_days" time="23.704" /><testcase classname="backend.tests.test_workout_engine_round3.TestCalisthenics4Day" name="test_t2b_day1_calisthenics_upper" time="0.000" /><testcase classname="backend.tests.test_workout_engine_round3.TestCalisthenics4Day" name="test_t2c_day2_calisthenics_lower" time="0.000" /><testcase classname="backend.tests.test_workout_engine_round3.TestCalisthenics4Day" name="test_t2d_day3_calisthenics_skill" time="0.000" /><testcase classname="backend.tests.test_workout_engine_round3.TestCalisthenics4Day" name="test_t2e_day4_calisthenics_conditioning" time="0.000" /><testcase classname="backend.tests.test_workout_engine_round3.TestCalisthenics4Day" name="test_t2f_not_plain_upper_lower_pattern" time="0.000" /><testcase classname="backend.tests.test_workout_engine_round3.TestCrossDayDeduplication" name="test_t3a_day1_and_day4_no_overlap" time="30.142" /><testcase classname="backend.tests.test_workout_engine_round3.TestCrossDayDeduplication" name="test_t3b_six_day_ul_day1_day5_no_bench_overlap" time="36.748" /><testcase classname="backend.tests.test_workout_engine_round3.TestExerciseNameFixes" name="test_t4a_australian_pull_up_not_present" time="22.535" /><testcase classname="backend.tests.test_workout_engine_round3.TestExerciseNameFixes" name="test_t4b_no_unqualified_cable_kickback" time="24.154" /><testcase classname="backend.tests.test_workout_engine_round3.TestExerciseNameFixes" name="test_t4c_cable_glute_kickback_in_lower_day" time="33.658" /><testcase classname="backend.tests.test_workout_engine_round3.TestExerciseNameFixes" name="test_t4d_cable_glute_kickback_scan_multiple_programs" time="51.632" /></testsuite></testsuites>