<?xml version="1.0" encoding="utf-8"?><testsuites name="pytest tests"><testsuite name="pytest" errors="0" failures="0" skipped="0" tests="16" time="162.423" timestamp="2026-06-18T15:03:45.162065+00:00" hostname="agent-env-e7cfbf89-0d91-49b6-aee7-bd17c876da53"><testcase classname="backend.tests.test_secondary_focus_injection.TestCoreInjectionFullBodySplit" name="test_workout_generates_successfully" time="18.003" /><testcase classname="backend.tests.test_secondary_focus_injection.TestCoreInjectionFullBodySplit" name="test_core_secondary_areas_stored_in_response" time="0.000" /><testcase classname="backend.tests.test_secondary_focus_injection.TestCoreInjectionFullBodySplit" name="test_core_exercises_present_in_at_least_one_day" time="0.000" /><testcase classname="backend.tests.test_secondary_focus_injection.TestCoreInjectionFullBodySplit" name="test_max_2_core_injections_per_week" time="15.895" /><testcase classname="backend.tests.test_secondary_focus_injection.TestCoreInjectionFullBodySplit" name="test_secondary_injection_increases_exercise_count" time="0.000" /><testcase classname="backend.tests.test_secondary_focus_injection.TestShoulderInjectionUpperLowerSplit" name="test_workout_generates_4_days" time="23.596" /><testcase classname="backend.tests.test_secondary_focus_injection.TestShoulderInjectionUpperLowerSplit" name="test_secondary_areas_stored" time="0.000" /><testcase classname="backend.tests.test_secondary_focus_injection.TestShoulderInjectionUpperLowerSplit" name="test_upper_days_have_shoulder_exercises" time="0.000" /><testcase classname="backend.tests.test_secondary_focus_injection.TestShoulderInjectionUpperLowerSplit" name="test_max_2_shoulder_injections_per_week" time="21.305" /><testcase classname="backend.tests.test_secondary_focus_injection.TestShoulderInjectionUpperLowerSplit" name="test_lower_days_not_injected_with_shoulders" time="0.000" /><testcase classname="backend.tests.test_secondary_focus_injection.TestShoulderInjectionUpperLowerSplit" name="test_upper_days_gain_exercise_vs_baseline" time="0.000" /><testcase classname="backend.tests.test_secondary_focus_injection.TestShoulderInjectionUpperLowerSplit" name="test_exercise_type_accessory_used_for_injection" time="0.000" /><testcase classname="backend.tests.test_secondary_focus_injection.TestInjectionCountIntegrity" name="test_injections_never_exceed_2_for_upper_lower_4day" time="47.547" /><testcase classname="backend.tests.test_secondary_focus_injection.TestInjectionCountIntegrity" name="test_full_body_split_limits_core_injections_to_2" time="35.865" /><testcase classname="backend.tests.test_secondary_focus_injection.TestPreconditions" name="test_health_check" time="0.097" /><testcase classname="backend.tests.test_secondary_focus_injection.TestPreconditions" name="test_user_has_access" time="0.055" /></testsuite></testsuites>