<?xml version="1.0" encoding="utf-8"?><testsuites name="pytest tests"><testsuite name="pytest" errors="0" failures="0" skipped="0" tests="14" time="221.598" timestamp="2026-03-28T11:56:43.942337+00:00" hostname="agent-env-e7cfbf89-0d91-49b6-aee7-bd17c876da53"><testcase classname="backend.tests.test_six_engine_improvements.TestImprovement1HybridSplit" name="test_hybrid_split_name" time="29.506" /><testcase classname="backend.tests.test_six_engine_improvements.TestImprovement1HybridSplit" name="test_hybrid_session_labels" time="0.000" /><testcase classname="backend.tests.test_six_engine_improvements.TestImprovement1HybridSplit" name="test_hybrid_conditioning_every_day" time="0.000" /><testcase classname="backend.tests.test_six_engine_improvements.TestImprovement2FunctionalAB" name="test_functional_day_labels" time="22.892" /><testcase classname="backend.tests.test_six_engine_improvements.TestImprovement2FunctionalAB" name="test_functional_sessions_structurally_different" time="0.000" /><testcase classname="backend.tests.test_six_engine_improvements.TestImprovement2FunctionalAB" name="test_functional_days_3_4_repeat_ab_pattern" time="0.000" /><testcase classname="backend.tests.test_six_engine_improvements.TestImprovement3FocusVolumeBoost" name="test_chest_focus_primary_compound_has_5_sets" time="24.372" /><testcase classname="backend.tests.test_six_engine_improvements.TestImprovement3FocusVolumeBoost" name="test_chest_patterns_ordering_before_isolation" time="0.000" /><testcase classname="backend.tests.test_six_engine_improvements.TestImprovement4ConditioningFinisher" name="test_lose_fat_all_days_have_conditioning" time="26.620" /><testcase classname="backend.tests.test_six_engine_improvements.TestImprovement4bBodyRecompConditioning" name="test_body_recomp_every_other_session" time="27.422" /><testcase classname="backend.tests.test_six_engine_improvements.TestImprovement5DurationAdaptiveRest" name="test_30min_has_lower_rest_than_60min" time="30.484" /><testcase classname="backend.tests.test_six_engine_improvements.TestImprovement5DurationAdaptiveRest" name="test_30min_max_4_exercises_per_session" time="0.000" /><testcase classname="backend.tests.test_six_engine_improvements.TestImprovement6CalisthenicsDifficulty" name="test_beginner_no_advanced_exercises_first" time="18.179" /><testcase classname="backend.tests.test_six_engine_improvements.TestImprovement6CalisthenicsDifficulty" name="test_advanced_calisthenics_uses_hard_exercises" time="41.991" /></testsuite></testsuites>