<?xml version="1.0" encoding="utf-8"?><testsuites name="pytest tests"><testsuite name="pytest" errors="0" failures="0" skipped="0" tests="26" time="32.398" timestamp="2026-04-01T00:09:09.836020+00:00" hostname="agent-env-e7cfbf89-0d91-49b6-aee7-bd17c876da53"><testcase classname="backend.tests.test_full_body_cross_compound.TestFullBodyUpperLowerSplitSelection" name="test_full_body_5days_selects_upper_lower" time="0.001" /><testcase classname="backend.tests.test_full_body_cross_compound.TestFullBodyUpperLowerSplitSelection" name="test_full_body_4days_selects_upper_lower" time="0.001" /><testcase classname="backend.tests.test_full_body_cross_compound.TestCrossBodyInjection5Days" name="test_blueprint_is_upper_lower" time="0.001" /><testcase classname="backend.tests.test_full_body_cross_compound.TestCrossBodyInjection5Days" name="test_every_session_has_lower_pattern_on_upper_days" time="0.000" /><testcase classname="backend.tests.test_full_body_cross_compound.TestCrossBodyInjection5Days" name="test_every_session_has_upper_pattern_on_lower_days" time="0.000" /><testcase classname="backend.tests.test_full_body_cross_compound.TestCrossBodyInjection5Days" name="test_cross_pattern_coaching_note_present" time="0.000" /><testcase classname="backend.tests.test_full_body_cross_compound.TestCrossBodyInjection5Days" name="test_sets_at_least_2_on_cross_body_slots" time="0.000" /><testcase classname="backend.tests.test_full_body_cross_compound.TestCrossBodyInjection4Days" name="test_blueprint_is_upper_lower" time="0.001" /><testcase classname="backend.tests.test_full_body_cross_compound.TestCrossBodyInjection4Days" name="test_every_upper_session_has_lower_pattern" time="0.000" /><testcase classname="backend.tests.test_full_body_cross_compound.TestCrossBodyInjection4Days" name="test_every_lower_session_has_upper_pattern" time="0.000" /><testcase classname="backend.tests.test_full_body_cross_compound.TestCrossBodyInjection4Days" name="test_cross_pattern_count_equals_session_count" time="0.000" /><testcase classname="backend.tests.test_full_body_cross_compound.TestSplitRationaleText" name="test_5day_rationale_mentions_cross_body" time="0.000" /><testcase classname="backend.tests.test_full_body_cross_compound.TestSplitRationaleText" name="test_4day_rationale_mentions_coaching_choice" time="0.000" /><testcase classname="backend.tests.test_full_body_cross_compound.TestSplitRationaleText" name="test_rationale_in_blueprint_response" time="0.000" /><testcase classname="backend.tests.test_full_body_cross_compound.TestNoRegressionChestFocus" name="test_chest_3days_selects_push_pull_legs" time="0.000" /><testcase classname="backend.tests.test_full_body_cross_compound.TestNoRegressionChestFocus" name="test_no_cross_pattern_slots_for_chest_focus" time="0.000" /><testcase classname="backend.tests.test_full_body_cross_compound.TestNoRegressionChestFocus" name="test_push_day_has_only_upper_patterns_for_chest_focus" time="0.000" /><testcase classname="backend.tests.test_full_body_cross_compound.TestNoRegressionLegsFocus" name="test_legs_4days_selects_upper_lower" time="0.000" /><testcase classname="backend.tests.test_full_body_cross_compound.TestNoRegressionLegsFocus" name="test_no_cross_pattern_slots_for_legs_focus" time="0.000" /><testcase classname="backend.tests.test_full_body_cross_compound.TestAPISmokeFull5Days" name="test_smoke_200_ok" time="30.676" /><testcase classname="backend.tests.test_full_body_cross_compound.TestAPISmokeFull5Days" name="test_smoke_has_workout_days" time="0.000" /><testcase classname="backend.tests.test_full_body_cross_compound.TestAPISmokeFull5Days" name="test_smoke_sets_at_least_2" time="0.001" /><testcase classname="backend.tests.test_full_body_cross_compound.TestAPISmokeFull5Days" name="test_smoke_gif_url_present" time="0.001" /><testcase classname="backend.tests.test_full_body_cross_compound.TestAPISmokeFull5Days" name="test_smoke_split_rationale_present_and_valid" time="0.001" /><testcase classname="backend.tests.test_full_body_cross_compound.TestAPISmokeFull5Days" name="test_smoke_split_name_is_upper_lower" time="0.000" /><testcase classname="backend.tests.test_full_body_cross_compound.TestAPISmokeFull5Days" name="test_smoke_exercises_have_required_fields" time="0.001" /></testsuite></testsuites>