<?xml version="1.0" encoding="utf-8"?><testsuites name="pytest tests"><testsuite name="pytest" errors="0" failures="0" skipped="0" tests="11" time="1.387" timestamp="2026-06-10T05:50:11.259497+00:00" hostname="agent-env-e7cfbf89-0d91-49b6-aee7-bd17c876da53"><testcase classname="backend.tests.test_unit_preference.TestUnitPreferenceBackend" name="test_get_profile_has_unit_preference" time="0.626" /><testcase classname="backend.tests.test_unit_preference.TestUnitPreferenceBackend" name="test_unit_preference_default_is_kg" time="0.042" /><testcase classname="backend.tests.test_unit_preference.TestUnitPreferenceBackend" name="test_put_unit_preference_to_lbs" time="0.046" /><testcase classname="backend.tests.test_unit_preference.TestUnitPreferenceBackend" name="test_put_unit_preference_persists_lbs" time="0.055" /><testcase classname="backend.tests.test_unit_preference.TestUnitPreferenceBackend" name="test_put_unit_preference_back_to_kg" time="0.047" /><testcase classname="backend.tests.test_unit_preference.TestUnitPreferenceBackend" name="test_put_unit_preference_with_other_fields" time="0.045" /><testcase classname="backend.tests.test_unit_preference.TestUnitPreferenceBackend" name="test_put_unit_preference_does_not_affect_weight_storage" time="0.097" /><testcase classname="backend.tests.test_unit_preference.TestUnitPreferenceBackend" name="test_put_invalid_unit_preference_rejected" time="0.088" /><testcase classname="backend.tests.test_unit_preference.TestUnitPreferenceBackend" name="test_put_unit_preference_does_not_lose_existing_data" time="0.092" /><testcase classname="backend.tests.test_unit_preference.TestFrontendUserFlow" name="test_existing_test_user_profile" time="0.043" /><testcase classname="backend.tests.test_unit_preference.TestFrontendUserFlow" name="test_set_test_user_to_lbs_and_verify" time="0.132" /></testsuite></testsuites>