<?xml version="1.0" encoding="utf-8"?><testsuites name="pytest tests"><testsuite name="pytest" errors="0" failures="0" skipped="0" tests="11" time="200.346" timestamp="2026-03-29T07:44:26.229141+00:00" hostname="agent-env-e7cfbf89-0d91-49b6-aee7-bd17c876da53"><testcase classname="backend.tests.test_volume_framework.TestStrengthBeginner30min" name="test_volume_budget_strength_30min_beginner" time="14.180" /><testcase classname="backend.tests.test_volume_framework.TestBuildMuscle60minIntermediate" name="test_volume_budget_build_muscle_60min_intermediate" time="25.854" /><testcase classname="backend.tests.test_volume_framework.TestStrengthRestFloor" name="test_strength_primary_compound_rest_floor" time="12.670" /><testcase classname="backend.tests.test_volume_framework.TestBuildMuscleRestScaling" name="test_rest_scaling_build_muscle_30min" time="17.343" /><testcase classname="backend.tests.test_volume_framework.TestStrengthAntiBloat" name="test_strength_45min_intermediate_max_exercises" time="11.563" /><testcase classname="backend.tests.test_volume_framework.TestSetAllocationBuildMuscleIntermediate" name="test_set_allocation_per_type" time="24.044" /><testcase classname="backend.tests.test_volume_framework.TestConditioningFinisherAntiBloat" name="test_lose_fat_finisher_anti_bloat" time="23.598" /><testcase classname="backend.tests.test_volume_framework.TestGoalParamsRepRanges" name="test_build_muscle_rep_ranges" time="22.731" /><testcase classname="backend.tests.test_volume_framework.TestGoalParamsRepRanges" name="test_strength_primary_compound_rep_range" time="10.992" /><testcase classname="backend.tests.test_volume_framework.TestComprehensiveOutput" name="test_print_strength_30min_beginner_day1" time="12.183" /><testcase classname="backend.tests.test_volume_framework.TestComprehensiveOutput" name="test_print_build_muscle_60min_intermediate_day1" time="25.070" /></testsuite></testsuites>