<?xml version="1.0" encoding="utf-8"?><testsuites name="pytest tests"><testsuite name="pytest" errors="0" failures="1" skipped="0" tests="13" time="1.780" timestamp="2026-06-12T23:09:26.354096+00:00" hostname="agent-env-e7cfbf89-0d91-49b6-aee7-bd17c876da53"><testcase classname="backend.tests.test_week_progression_rest_days.TestWeekOverrideEndpoint" name="test_patch_week_override_to_week_1" time="0.169" /><testcase classname="backend.tests.test_week_progression_rest_days.TestWeekOverrideEndpoint" name="test_patch_week_override_to_week_2" time="0.101" /><testcase classname="backend.tests.test_week_progression_rest_days.TestWeekOverrideEndpoint" name="test_patch_week_override_to_week_3" time="0.145" /><testcase classname="backend.tests.test_week_progression_rest_days.TestWeekOverrideEndpoint" name="test_patch_week_override_to_week_4" time="0.109" /><testcase classname="backend.tests.test_week_progression_rest_days.TestWeekOverrideEndpoint" name="test_patch_week_override_reset_to_null" time="0.107" /><testcase classname="backend.tests.test_week_progression_rest_days.TestWeekOverrideEndpoint" name="test_patch_week_override_persists_to_get" time="0.221" /><testcase classname="backend.tests.test_week_progression_rest_days.TestWeekOverrideEndpoint" name="test_patch_week_override_invalid_workout" time="0.098"><failure message="assert 200 == 404&#10; +  where 200 = &lt;Response [200]&gt;.status_code">backend/tests/test_week_progression_rest_days.py:84: in test_patch_week_override_invalid_workout
    assert resp.status_code == 404
E   assert 200 == 404
E    +  where 200 = &lt;Response [200]&gt;.status_code</failure></testcase><testcase classname="backend.tests.test_week_progression_rest_days.TestWorkoutWeeklyData" name="test_workout_has_weekly_progression" time="0.105" /><testcase classname="backend.tests.test_week_progression_rest_days.TestWorkoutWeeklyData" name="test_weekly_progression_has_correct_labels" time="0.108" /><testcase classname="backend.tests.test_week_progression_rest_days.TestWorkoutWeeklyData" name="test_workout_has_weekly_structure" time="0.100" /><testcase classname="backend.tests.test_week_progression_rest_days.TestWorkoutWeeklyData" name="test_weekly_structure_has_rest_days" time="0.108" /><testcase classname="backend.tests.test_week_progression_rest_days.TestWorkoutWeeklyData" name="test_weekly_structure_wednesday_saturday_sunday_rest" time="0.101" /><testcase classname="backend.tests.test_week_progression_rest_days.TestWorkoutWeeklyData" name="test_workout_current_week_override_field_exists" time="0.103" /></testsuite></testsuites>