<?xml version="1.0" encoding="utf-8"?><testsuites name="pytest tests"><testsuite name="pytest" errors="0" failures="1" skipped="0" tests="18" time="345.802" timestamp="2026-03-31T23:35:15.554288+00:00" hostname="agent-env-e7cfbf89-0d91-49b6-aee7-bd17c876da53"><testcase classname="backend.tests.test_weighted_split_selection.TestWeightedSplitSelectionAIChoose" name="test_01_chest_3days_beginner_build_muscle_gives_ppl" time="60.183"><failure message="AssertionError: Expected 200, got 502: The preview environment is not responding. It may be starting up.&#10;  &#10;assert 502 == 200&#10; +  where 502 = &lt;Response [502]&gt;.status_code">backend/tests/test_weighted_split_selection.py:72: in test_01_chest_3days_beginner_build_muscle_gives_ppl
    result = generate_workout(
backend/tests/test_weighted_split_selection.py:45: in generate_workout
    assert resp.status_code == 200, f"Expected 200, got {resp.status_code}: {resp.text[:500]}"
E   AssertionError: Expected 200, got 502: The preview environment is not responding. It may be starting up.
E     
E   assert 502 == 200
E    +  where 502 = &lt;Response [502]&gt;.status_code</failure></testcase><testcase classname="backend.tests.test_weighted_split_selection.TestWeightedSplitSelectionAIChoose" name="test_02_legs_4days_intermediate_build_muscle_gives_upper_lower" time="36.698" /><testcase classname="backend.tests.test_weighted_split_selection.TestWeightedSplitSelectionAIChoose" name="test_03_core_3days_beginner_lose_fat_gives_full_body" time="20.704" /><testcase classname="backend.tests.test_weighted_split_selection.TestWeightedSplitSelectionAIChoose" name="test_04_arms_5days_advanced_build_muscle_gives_ppl_or_bro_split" time="28.086" /><testcase classname="backend.tests.test_weighted_split_selection.TestWeightedSplitSelectionAIChoose" name="test_05_full_body_focus_5days_intermediate_general_fitness_not_full_body" time="24.404" /><testcase classname="backend.tests.test_weighted_split_selection.TestStyleOverrides" name="test_06_calisthenics_style_always_calisthenics_split" time="13.971" /><testcase classname="backend.tests.test_weighted_split_selection.TestStyleOverrides" name="test_07_hybrid_style_always_hybrid_split" time="24.316" /><testcase classname="backend.tests.test_weighted_split_selection.TestExplicitSplitChoice" name="test_08_explicit_ppl_3days_not_overridden_by_focus" time="18.470" /><testcase classname="backend.tests.test_weighted_split_selection.TestVolumeBoot" name="test_09a_chest_primary_exercises_have_5_or_more_sets" time="18.040" /><testcase classname="backend.tests.test_weighted_split_selection.TestVolumeBoot" name="test_09b_chest_focus_all_primary_compound_have_5plus_sets" time="0.000" /><testcase classname="backend.tests.test_weighted_split_selection.TestMinimumSetFloors" name="test_10a_primary_compound_min_3_sets" time="15.775" /><testcase classname="backend.tests.test_weighted_split_selection.TestMinimumSetFloors" name="test_10b_accessory_exercises_min_2_sets" time="0.000" /><testcase classname="backend.tests.test_weighted_split_selection.TestMinimumSetFloors" name="test_10c_min_sets_across_multiple_day_workouts" time="27.254" /><testcase classname="backend.tests.test_weighted_split_selection.TestSmokeTest" name="test_11a_smoke_200_ok" time="16.037" /><testcase classname="backend.tests.test_weighted_split_selection.TestSmokeTest" name="test_11b_smoke_workout_days_present" time="18.549" /><testcase classname="backend.tests.test_weighted_split_selection.TestSmokeTest" name="test_11c_smoke_exercises_have_required_fields" time="0.000" /><testcase classname="backend.tests.test_weighted_split_selection.TestSmokeTest" name="test_11d_smoke_sets_reps_rest_are_valid" time="0.000" /><testcase classname="backend.tests.test_weighted_split_selection.TestFullBodyFocusNotFullBodySplit" name="test_12_full_body_focus_5days_build_muscle_not_full_body_split" time="23.228" /></testsuite></testsuites>