<?xml version="1.0" encoding="utf-8"?><testsuites name="pytest tests"><testsuite name="pytest" errors="0" failures="0" skipped="0" tests="16" time="1.434" timestamp="2026-06-10T05:12:18.859603+00:00" hostname="agent-env-e7cfbf89-0d91-49b6-aee7-bd17c876da53"><testcase classname="backend.tests.test_workout_sessions.TestHealth" name="test_health_check" time="0.178" /><testcase classname="backend.tests.test_workout_sessions.TestCompleteSession" name="test_complete_session_returns_200" time="0.135" /><testcase classname="backend.tests.test_workout_sessions.TestCompleteSession" name="test_complete_session_total_volume_correct" time="0.048" /><testcase classname="backend.tests.test_workout_sessions.TestCompleteSession" name="test_complete_session_zero_volume_when_no_weight" time="0.051" /><testcase classname="backend.tests.test_workout_sessions.TestCompleteSession" name="test_complete_session_creates_new_document" time="0.095" /><testcase classname="backend.tests.test_workout_sessions.TestCompleteSession" name="test_complete_session_invalid_workout_returns_404" time="0.054" /><testcase classname="backend.tests.test_workout_sessions.TestGetUserSessions" name="test_get_sessions_returns_array" time="0.058" /><testcase classname="backend.tests.test_workout_sessions.TestGetUserSessions" name="test_get_sessions_sorted_desc_by_date" time="0.049" /><testcase classname="backend.tests.test_workout_sessions.TestGetUserSessions" name="test_get_sessions_limit_param" time="0.049" /><testcase classname="backend.tests.test_workout_sessions.TestGetUserSessions" name="test_get_sessions_workout_id_filter" time="0.050" /><testcase classname="backend.tests.test_workout_sessions.TestGetUserSessions" name="test_get_sessions_empty_for_unknown_user" time="0.046" /><testcase classname="backend.tests.test_workout_sessions.TestGetUserSessions" name="test_get_sessions_multiple_sessions_reverse_chron" time="0.154" /><testcase classname="backend.tests.test_workout_sessions.TestLastSession" name="test_last_session_returns_null_when_none" time="0.049" /><testcase classname="backend.tests.test_workout_sessions.TestLastSession" name="test_last_session_returns_session_when_exists" time="0.100" /><testcase classname="backend.tests.test_workout_sessions.TestLastSession" name="test_last_session_day_index_filter" time="0.097" /><testcase classname="backend.tests.test_workout_sessions.TestLastSession" name="test_last_session_returns_most_recent" time="0.143" /></testsuite></testsuites>